###############################################################################
#
# IAR ANSI C/C++ Compiler V7.20.2.7424/W32 for ARM        26/May/2016  12:04:45
# Copyright 1999-2014 IAR Systems AB.
#
#    Cpu mode     =  thumb
#    Endian       =  little
#    Source file  =  C:\Users\ye\Desktop\NFS.NO 2 - 副本\common\CCDH.c
#    Command line =  
#        "C:\Users\ye\Desktop\NFS.NO 2 - 副本\common\CCDH.c" -D DEBUG -lCN
#        "C:\Users\ye\Desktop\NFS.NO 2 - 副本\Debug\List\" -lB
#        "C:\Users\ye\Desktop\NFS.NO 2 - 副本\Debug\List\" -o
#        "C:\Users\ye\Desktop\NFS.NO 2 - 副本\Debug\Obj\" --no_cse --no_unroll
#        --no_inline --no_code_motion --no_tbaa --no_clustering --no_scheduling
#        --debug --endian=little --cpu=Cortex-M4 -e --fpu=None --dlib_config
#        "C:\Program Files (x86)\IAR Systems\Embedded Workbench
#        7.0\arm\INC\c\DLib_Config_Normal.h" -Ol --use_c++_inline
#    List file    =  C:\Users\ye\Desktop\NFS.NO 2 - 副本\Debug\List\CCDH.lst
#    Object file  =  C:\Users\ye\Desktop\NFS.NO 2 - 副本\Debug\Obj\CCDH.o
#
###############################################################################

C:\Users\ye\Desktop\NFS.NO 2 - 副本\common\CCDH.c
      1          
      2          
      3          
      4          //#include "Balance.h"
      5          //#include "math.h"
      6          
      7          #include "CCDH.h"
      8          //#include "include.h"
      9          #include "math.h"
     10          

   \                                 In section .bss, align 4
     11          byte ADVH[128]={0,0};         //声明数组，用于存放采集的线性数值 
   \                     ADVH:
   \   00000000                      DS8 128

   \                                 In section .bss, align 4
     12          byte DVH[128]={0,0}; 
   \                     DVH:
   \   00000000                      DS8 128

   \                                 In section .bss, align 4
     13          byte AVH[128]={0,0};
   \                     AVH:
   \   00000000                      DS8 128

   \                                 In section .bss, align 4
     14          int fH;
   \                     fH:
   \   00000000                      DS8 4
     15          
     16          
     17          
     18          
     19           

   \                                 In section .text, align 2, keep-with-next
     20          void firstshotH()
     21          {
   \                     firstshotH: (+1)
   \   00000000   0xB510             PUSH     {R4,LR}
     22           
     23           int i;
     24           //单次采集曝光处理                   
     25           GPIOC_PDOR |=  (1<<11);//TSL_SI=1; //上升沿
   \   00000002   0x.... 0x....      LDR.W    R0,??DataTable3  ;; 0x400ff080
   \   00000006   0x6800             LDR      R0,[R0, #+0]
   \   00000008   0xF450 0x6000      ORRS     R0,R0,#0x800
   \   0000000C   0x.... 0x....      LDR.W    R1,??DataTable3  ;; 0x400ff080
   \   00000010   0x6008             STR      R0,[R1, #+0]
     26           delay();  
   \   00000012   0x.... 0x....      BL       delay
     27           GPIOC_PDOR |=  (1<<10);//TSL_CLK=1;//起始电平高
   \   00000016   0x.... 0x....      LDR.W    R0,??DataTable3  ;; 0x400ff080
   \   0000001A   0x6800             LDR      R0,[R0, #+0]
   \   0000001C   0xF450 0x6080      ORRS     R0,R0,#0x400
   \   00000020   0x.... 0x....      LDR.W    R1,??DataTable3  ;; 0x400ff080
   \   00000024   0x6008             STR      R0,[R1, #+0]
     28           //delay();
     29           GPIOC_PDOR &= ~(1<<11);//TSL_SI=0; //起始电平低
   \   00000026   0x.... 0x....      LDR.W    R0,??DataTable3  ;; 0x400ff080
   \   0000002A   0x6800             LDR      R0,[R0, #+0]
   \   0000002C   0xF430 0x6000      BICS     R0,R0,#0x800
   \   00000030   0x.... 0x....      LDR.W    R1,??DataTable3  ;; 0x400ff080
   \   00000034   0x6008             STR      R0,[R1, #+0]
     30           //发送第1个CLK
     31           delay();
   \   00000036   0x.... 0x....      BL       delay
     32           //   delay();
     33           
     34           
     35           GPIOC_PDOR &= ~(1<<10);//TSL_CLK=0;//下降沿  
   \   0000003A   0x.... 0x....      LDR.W    R0,??DataTable3  ;; 0x400ff080
   \   0000003E   0x6800             LDR      R0,[R0, #+0]
   \   00000040   0xF430 0x6080      BICS     R0,R0,#0x400
   \   00000044   0x.... 0x....      LDR.W    R1,??DataTable3  ;; 0x400ff080
   \   00000048   0x6008             STR      R0,[R1, #+0]
     36           
     37           //发送第2~129个CLK
     38           for(i=1; i<129; i++)
   \   0000004A   0x2401             MOVS     R4,#+1
   \   0000004C   0xE014             B.N      ??firstshotH_0
     39           {
     40            delay();
   \                     ??firstshotH_1: (+1)
   \   0000004E   0x.... 0x....      BL       delay
     41            GPIOC_PDOR |=  (1<<10);//TSL_CLK=1;//起始电平高
   \   00000052   0x.... 0x....      LDR.W    R0,??DataTable3  ;; 0x400ff080
   \   00000056   0x6800             LDR      R0,[R0, #+0]
   \   00000058   0xF450 0x6080      ORRS     R0,R0,#0x400
   \   0000005C   0x.... 0x....      LDR.W    R1,??DataTable3  ;; 0x400ff080
   \   00000060   0x6008             STR      R0,[R1, #+0]
     42            delay(); 
   \   00000062   0x.... 0x....      BL       delay
     43            GPIOC_PDOR &= ~(1<<10);//TSL_CLK=0;//下降沿  
   \   00000066   0x.... 0x....      LDR.W    R0,??DataTable3  ;; 0x400ff080
   \   0000006A   0x6800             LDR      R0,[R0, #+0]
   \   0000006C   0xF430 0x6080      BICS     R0,R0,#0x400
   \   00000070   0x.... 0x....      LDR.W    R1,??DataTable3  ;; 0x400ff080
   \   00000074   0x6008             STR      R0,[R1, #+0]
     44           }
   \   00000076   0x1C64             ADDS     R4,R4,#+1
   \                     ??firstshotH_0: (+1)
   \   00000078   0x2C81             CMP      R4,#+129
   \   0000007A   0xDBE8             BLT.N    ??firstshotH_1
     45          }
   \   0000007C   0xBD10             POP      {R4,PC}          ;; return
     46          
     47          //*************************************************************************
     48          //  * 单次采集
     49          //************************************************

   \                                 In section .text, align 2, keep-with-next
     50          void TSL1401_GetLine_OneshotH(uint8 *pixel)
     51          {
   \                     TSL1401_GetLine_OneshotH: (+1)
   \   00000000   0xB538             PUSH     {R3-R5,LR}
   \   00000002   0x0004             MOVS     R4,R0
     52           uint8 i;
     53           //  byte  Er;
     54           byte  po;
     55           //曝光延时
     56           //采集上次曝光得到的图像
     57           //开始SI
     58           GPIOC_PDOR |=  (1<<11);//TSL_SI=1; //上升沿
   \   00000004   0x.... 0x....      LDR.W    R0,??DataTable3  ;; 0x400ff080
   \   00000008   0x6800             LDR      R0,[R0, #+0]
   \   0000000A   0xF450 0x6000      ORRS     R0,R0,#0x800
   \   0000000E   0x.... 0x....      LDR.W    R1,??DataTable3  ;; 0x400ff080
   \   00000012   0x6008             STR      R0,[R1, #+0]
     59           delay();
   \   00000014   0x.... 0x....      BL       delay
     60           GPIOC_PDOR |=  (1<<10);//TSL_CLK=1;//起始电平高
   \   00000018   0x.... 0x....      LDR.W    R0,??DataTable3  ;; 0x400ff080
   \   0000001C   0x6800             LDR      R0,[R0, #+0]
   \   0000001E   0xF450 0x6080      ORRS     R0,R0,#0x400
   \   00000022   0x.... 0x....      LDR.W    R1,??DataTable3  ;; 0x400ff080
   \   00000026   0x6008             STR      R0,[R1, #+0]
     61           //delay();
     62           GPIOC_PDOR &= ~(1<<11);//TSL_SI=0; //起始电平低
   \   00000028   0x.... 0x....      LDR.W    R0,??DataTable3  ;; 0x400ff080
   \   0000002C   0x6800             LDR      R0,[R0, #+0]
   \   0000002E   0xF430 0x6000      BICS     R0,R0,#0x800
   \   00000032   0x.... 0x....      LDR.W    R1,??DataTable3  ;; 0x400ff080
   \   00000036   0x6008             STR      R0,[R1, #+0]
     63           //delay();
     64           //采集第1个点
     65           for(fH=0;fH<500;fH++)
   \   00000038   0x2000             MOVS     R0,#+0
   \   0000003A   0x.... 0x....      LDR.W    R1,??DataTable3_1
   \   0000003E   0x6008             STR      R0,[R1, #+0]
   \   00000040   0xE008             B.N      ??TSL1401_GetLine_OneshotH_0
     66           { delay();}   
   \                     ??TSL1401_GetLine_OneshotH_1: (+1)
   \   00000042   0x.... 0x....      BL       delay
   \   00000046   0x.... 0x....      LDR.W    R0,??DataTable3_1
   \   0000004A   0x6800             LDR      R0,[R0, #+0]
   \   0000004C   0x1C40             ADDS     R0,R0,#+1
   \   0000004E   0x.... 0x....      LDR.W    R1,??DataTable3_1
   \   00000052   0x6008             STR      R0,[R1, #+0]
   \                     ??TSL1401_GetLine_OneshotH_0: (+1)
   \   00000054   0x.... 0x....      LDR.W    R0,??DataTable3_1
   \   00000058   0x6800             LDR      R0,[R0, #+0]
   \   0000005A   0xF5B0 0x7FFA      CMP      R0,#+500
   \   0000005E   0xDBF0             BLT.N    ??TSL1401_GetLine_OneshotH_1
     67           po = ad_once(0,15,8);                                  //AD赋值
   \   00000060   0x2208             MOVS     R2,#+8
   \   00000062   0x210F             MOVS     R1,#+15
   \   00000064   0x2000             MOVS     R0,#+0
   \   00000066   0x.... 0x....      BL       ad_once
     68           //  pixel[0] =po<<2;
     69           pixel[0] = po ;
   \   0000006A   0x7020             STRB     R0,[R4, #+0]
     70           // Er    =   PTA12;
     71           // pixel[0]  =  Er ;
     72           //   pixel[0] =  PTA12;
     73           GPIOC_PDOR &= ~(1<<10);//TSL_CLK=0;//下降沿  
   \   0000006C   0x.... 0x....      LDR.W    R0,??DataTable3  ;; 0x400ff080
   \   00000070   0x6800             LDR      R0,[R0, #+0]
   \   00000072   0xF430 0x6080      BICS     R0,R0,#0x400
   \   00000076   0x.... 0x....      LDR.W    R1,??DataTable3  ;; 0x400ff080
   \   0000007A   0x6008             STR      R0,[R1, #+0]
     74           //采集第1~128个点
     75           for(i=1; i<128;i++)
   \   0000007C   0x2501             MOVS     R5,#+1
   \   0000007E   0xE019             B.N      ??TSL1401_GetLine_OneshotH_2
     76           { 
     77            //delay(); 
     78            delay();
   \                     ??TSL1401_GetLine_OneshotH_3: (+1)
   \   00000080   0x.... 0x....      BL       delay
     79            GPIOC_PDOR |=  (1<<10);    //TSL_CLK=1;//起始电平高
   \   00000084   0x.... 0x....      LDR.W    R0,??DataTable3  ;; 0x400ff080
   \   00000088   0x6800             LDR      R0,[R0, #+0]
   \   0000008A   0xF450 0x6080      ORRS     R0,R0,#0x400
   \   0000008E   0x.... 0x....      LDR.W    R1,??DataTable3  ;; 0x400ff080
   \   00000092   0x6008             STR      R0,[R1, #+0]
     80            po = ad_once(0,15,8);                             //AD赋值
   \   00000094   0x2208             MOVS     R2,#+8
   \   00000096   0x210F             MOVS     R1,#+15
   \   00000098   0x2000             MOVS     R0,#+0
   \   0000009A   0x.... 0x....      BL       ad_once
     81            //  pixel[i] = po<<2 ;
     82            pixel[i] =  po;
   \   0000009E   0xB2ED             UXTB     R5,R5            ;; ZeroExt  R5,R5,#+24,#+24
   \   000000A0   0x5528             STRB     R0,[R5, R4]
     83            // Er  = PTA12;
     84            //   pixel[i] = Er;
     85            //   pixel[i] = PTA12;
     86            
     87            GPIOC_PDOR &= ~(1<<10);//TSL_CLK=0;//下降沿  
   \   000000A2   0x.... 0x....      LDR.W    R0,??DataTable3  ;; 0x400ff080
   \   000000A6   0x6800             LDR      R0,[R0, #+0]
   \   000000A8   0xF430 0x6080      BICS     R0,R0,#0x400
   \   000000AC   0x.... 0x....      LDR.W    R1,??DataTable3  ;; 0x400ff080
   \   000000B0   0x6008             STR      R0,[R1, #+0]
     88           }
   \   000000B2   0x1C6D             ADDS     R5,R5,#+1
   \                     ??TSL1401_GetLine_OneshotH_2: (+1)
   \   000000B4   0xB2ED             UXTB     R5,R5            ;; ZeroExt  R5,R5,#+24,#+24
   \   000000B6   0x2D80             CMP      R5,#+128
   \   000000B8   0xDBE2             BLT.N    ??TSL1401_GetLine_OneshotH_3
     89           //发送第129个clk
     90           delay();
   \   000000BA   0x.... 0x....      BL       delay
     91           GPIOC_PDOR &= ~(1<<10);//TSL_CLK=0;//下降沿  
   \   000000BE   0x.... 0x....      LDR.W    R0,??DataTable3  ;; 0x400ff080
   \   000000C2   0x6800             LDR      R0,[R0, #+0]
   \   000000C4   0xF430 0x6080      BICS     R0,R0,#0x400
   \   000000C8   0x.... 0x....      LDR.W    R1,??DataTable3  ;; 0x400ff080
   \   000000CC   0x6008             STR      R0,[R1, #+0]
     92           delay(); 
   \   000000CE   0x.... 0x....      BL       delay
     93           GPIOC_PDOR |=  (1<<10);//TSL_CLK=1;//起始电平高
   \   000000D2   0x.... 0x....      LDR.W    R0,??DataTable3  ;; 0x400ff080
   \   000000D6   0x6800             LDR      R0,[R0, #+0]
   \   000000D8   0xF450 0x6080      ORRS     R0,R0,#0x400
   \   000000DC   0x.... 0x....      LDR.W    R1,??DataTable3  ;; 0x400ff080
   \   000000E0   0x6008             STR      R0,[R1, #+0]
     94           delay();
   \   000000E2   0x.... 0x....      BL       delay
     95          }
   \   000000E6   0xBD31             POP      {R0,R4,R5,PC}    ;; return
     96          
     97          
     98          

   \                                 In section .bss, align 4
     99          int jH,iH; 
   \                     jH:
   \   00000000                      DS8 4

   \                                 In section .bss, align 4
   \                     iH:
   \   00000000                      DS8 4

   \                                 In section .bss, align 4
    100          word Add_thresholdH;  
   \                     Add_thresholdH:
   \   00000000                      DS8 4

   \                                 In section .bss, align 4
    101          int thresholdH;  
   \                     thresholdH:
   \   00000000                      DS8 4
    102          

   \                                 In section .bss, align 4
    103          int GrayMinH;
   \                     GrayMinH:
   \   00000000                      DS8 4

   \                                 In section .bss, align 4
    104          int GrayMaxH;
   \                     GrayMaxH:
   \   00000000                      DS8 4
    105          

   \                                 In section .bss, align 4
    106          int yanLLH;
   \                     yanLLH:
   \   00000000                      DS8 4

   \                                 In section .bss, align 4
    107          int yanRRH;
   \                     yanRRH:
   \   00000000                      DS8 4
    108          

   \                                 In section .data, align 4
    109          byte L_edgeFlagH[30]={1,1,1,1,1,1,1,1,1,1,1,1,1,1,1,1,1,1,1,1};
   \                     L_edgeFlagH:
   \   00000000   0x01 0x01          DC8 1, 1, 1, 1, 1, 1, 1, 1, 1, 1, 1, 1, 1, 1, 1, 1, 1, 1, 1, 1, 0, 0, 0
   \              0x01 0x01    
   \              0x01 0x01    
   \              0x01 0x01    
   \              0x01 0x01    
   \              0x01 0x01    
   \              0x01 0x01    
   \              0x01 0x01    
   \              0x01 0x01    
   \              0x01 0x01    
   \              0x00 0x00    
   \              0x00         
   \   00000017   0x00 0x00          DC8 0, 0, 0, 0, 0, 0, 0, 0, 0
   \              0x00 0x00    
   \              0x00 0x00    
   \              0x00 0x00    
   \              0x00         

   \                                 In section .data, align 4
    110          byte R_edgeFlagH[30]={1,1,1,1,1,1,1,1,1,1,1,1,1,1,1,1,1,1,1,1};
   \                     R_edgeFlagH:
   \   00000000   0x01 0x01          DC8 1, 1, 1, 1, 1, 1, 1, 1, 1, 1, 1, 1, 1, 1, 1, 1, 1, 1, 1, 1, 0, 0, 0
   \              0x01 0x01    
   \              0x01 0x01    
   \              0x01 0x01    
   \              0x01 0x01    
   \              0x01 0x01    
   \              0x01 0x01    
   \              0x01 0x01    
   \              0x01 0x01    
   \              0x01 0x01    
   \              0x00 0x00    
   \              0x00         
   \   00000017   0x00 0x00          DC8 0, 0, 0, 0, 0, 0, 0, 0, 0
   \              0x00 0x00    
   \              0x00 0x00    
   \              0x00 0x00    
   \              0x00         
    111          

   \                                 In section .data, align 4
    112          int LedgeH[30]={34,34,34,34,34,34,34,34,34,34,34,34,34,34,34};
   \                     LedgeH:
   \   00000000   0x00000022         DC32 34, 34, 34, 34, 34, 34, 34, 34, 34, 34, 34, 34, 34, 34, 34, 0, 0
   \              0x00000022   
   \              0x00000022   
   \              0x00000022   
   \              0x00000022   
   \              0x00000022   
   \              0x00000022   
   \              0x00000022   
   \              0x00000022   
   \              0x00000022   
   \              0x00000022   
   \              0x00000022   
   \              0x00000022   
   \              0x00000022   
   \              0x00000022   
   \              0x00000000   
   \              0x00000000   
   \   00000044   0x00000000         DC32 0, 0, 0, 0, 0, 0, 0, 0, 0, 0, 0, 0, 0
   \              0x00000000   
   \              0x00000000   
   \              0x00000000   
   \              0x00000000   
   \              0x00000000   
   \              0x00000000   
   \              0x00000000   
   \              0x00000000   
   \              0x00000000   
   \              0x00000000   
   \              0x00000000   
   \              0x00000000   

   \                                 In section .data, align 4
    113          int RedgeH[30]={94,94,94,94,94,94,94,94,94,94,94,94,94,94,94};
   \                     RedgeH:
   \   00000000   0x0000005E         DC32 94, 94, 94, 94, 94, 94, 94, 94, 94, 94, 94, 94, 94, 94, 94, 0, 0
   \              0x0000005E   
   \              0x0000005E   
   \              0x0000005E   
   \              0x0000005E   
   \              0x0000005E   
   \              0x0000005E   
   \              0x0000005E   
   \              0x0000005E   
   \              0x0000005E   
   \              0x0000005E   
   \              0x0000005E   
   \              0x0000005E   
   \              0x0000005E   
   \              0x0000005E   
   \              0x00000000   
   \              0x00000000   
   \   00000044   0x00000000         DC32 0, 0, 0, 0, 0, 0, 0, 0, 0, 0, 0, 0, 0
   \              0x00000000   
   \              0x00000000   
   \              0x00000000   
   \              0x00000000   
   \              0x00000000   
   \              0x00000000   
   \              0x00000000   
   \              0x00000000   
   \              0x00000000   
   \              0x00000000   
   \              0x00000000   
   \              0x00000000   
    114          

   \                                 In section .bss, align 4
    115          int LGrayMaxH=0;  
   \                     LGrayMaxH:
   \   00000000                      DS8 4
    116          

   \                                 In section .data, align 4
    117          byte len_showH[10]={80,80,80,80,80};
   \                     len_showH:
   \   00000000   0x50 0x50          DC8 80, 80, 80, 80, 80, 0, 0, 0, 0, 0, 0, 0
   \              0x50 0x50    
   \              0x50 0x00    
   \              0x00 0x00    
   \              0x00 0x00    
   \              0x00 0x00    
    118          
    119          
    120          

   \                                 In section .text, align 2, keep-with-next
    121          void Dev_calH()
    122          {
    123           
    124           Add_thresholdH=0;
   \                     Dev_calH: (+1)
   \   00000000   0x2000             MOVS     R0,#+0
   \   00000002   0x.... 0x....      LDR.W    R1,??DataTable3_2
   \   00000006   0x6008             STR      R0,[R1, #+0]
    125           for(jH=10;jH<=118;jH++)
   \   00000008   0x200A             MOVS     R0,#+10
   \   0000000A   0x.... 0x....      LDR.W    R1,??DataTable3_3
   \   0000000E   0x6008             STR      R0,[R1, #+0]
   \   00000010   0xE013             B.N      ??Dev_calH_0
    126           {
    127            Add_thresholdH += ADVH[jH];      
   \                     ??Dev_calH_1: (+1)
   \   00000012   0x.... 0x....      LDR.W    R0,??DataTable3_2
   \   00000016   0x6800             LDR      R0,[R0, #+0]
   \   00000018   0x.... 0x....      LDR.W    R1,??DataTable3_4
   \   0000001C   0x.... 0x....      LDR.W    R2,??DataTable3_3
   \   00000020   0x6812             LDR      R2,[R2, #+0]
   \   00000022   0x5C51             LDRB     R1,[R2, R1]
   \   00000024   0x1840             ADDS     R0,R0,R1
   \   00000026   0x.... 0x....      LDR.W    R1,??DataTable3_2
   \   0000002A   0x6008             STR      R0,[R1, #+0]
    128            
    129           }
   \   0000002C   0x.... 0x....      LDR.W    R0,??DataTable3_3
   \   00000030   0x6800             LDR      R0,[R0, #+0]
   \   00000032   0x1C40             ADDS     R0,R0,#+1
   \   00000034   0x.... 0x....      LDR.W    R1,??DataTable3_3
   \   00000038   0x6008             STR      R0,[R1, #+0]
   \                     ??Dev_calH_0: (+1)
   \   0000003A   0x.... 0x....      LDR.W    R0,??DataTable3_3
   \   0000003E   0x6800             LDR      R0,[R0, #+0]
   \   00000040   0x2877             CMP      R0,#+119
   \   00000042   0xDBE6             BLT.N    ??Dev_calH_1
    130           thresholdH = Add_thresholdH/109; 
   \   00000044   0x.... 0x....      LDR.W    R0,??DataTable3_2
   \   00000048   0x6800             LDR      R0,[R0, #+0]
   \   0000004A   0x216D             MOVS     R1,#+109
   \   0000004C   0xFBB0 0xF0F1      UDIV     R0,R0,R1
   \   00000050   0x.... 0x....      LDR.W    R1,??DataTable3_5
   \   00000054   0x6008             STR      R0,[R1, #+0]
    131           
    132           GrayMinH=255;
   \   00000056   0x20FF             MOVS     R0,#+255
   \   00000058   0x.... 0x....      LDR.W    R1,??DataTable3_6
   \   0000005C   0x6008             STR      R0,[R1, #+0]
    133           GrayMaxH=0; 
   \   0000005E   0x2000             MOVS     R0,#+0
   \   00000060   0x.... 0x....      LDR.W    R1,??DataTable3_7
   \   00000064   0x6008             STR      R0,[R1, #+0]
    134           
    135           for(iH=10;iH<118;iH++)
   \   00000066   0x200A             MOVS     R0,#+10
   \   00000068   0x.... 0x....      LDR.W    R1,??DataTable3_8
   \   0000006C   0x6008             STR      R0,[R1, #+0]
   \   0000006E   0xE038             B.N      ??Dev_calH_2
    136           {
    137            
    138            
    139            if(ADVH[iH]<GrayMinH)
    140            {
    141             if(ADVH[iH-1]>ADVH[iH+1])
    142             {
    143          	if(ADVH[iH]>ADVH[iH-1])
    144          	{
    145          	 ADVH[iH]=ADVH[iH-1];
    146          	}
    147          	else if(ADVH[iH]<ADVH[iH+1])
    148          	{                                                     
    149          	 ADVH[iH]=ADVH[iH+1];
    150          	}
    151             }
    152             else
    153             {
    154          	if(ADVH[iH]>ADVH[iH+1])
    155          	{
    156          	 ADVH[iH]=ADVH[iH+1];
    157          	}
    158          	else if(ADVH[iH]<ADVH[iH-1])
    159          	{
    160          	 ADVH[iH]=ADVH[iH-1];
    161          	}
    162             }
    163             if(ADVH[iH]<GrayMinH)
    164             {
    165          	GrayMinH = ADVH[iH];                    
    166          	
    167             }
    168            }
    169            ///********************************中值滤波，提取赛道中的最白处*************************************************          
    170            if(ADVH[iH]>GrayMaxH)
    171            {
    172             if(ADVH[iH-1]>ADVH[iH+1])
    173             {
    174          	if(ADVH[iH]>ADVH[iH-1])
    175          	{
    176          	 ADVH[iH]=ADVH[iH-1];
    177          	}
    178          	else if(ADVH[iH]<ADVH[iH+1])
    179          	{
    180          	 ADVH[iH]=ADVH[iH+1];
    181          	}
    182             }
    183             else
    184             {
    185          	if(ADVH[iH]>ADVH[iH+1])
    186          	{
    187          	 ADVH[iH]=ADVH[iH+1];
    188          	}
    189          	else if(ADVH[iH]<ADVH[iH-1])
   \                     ??Dev_calH_3: (+1)
   \   00000070   0x.... 0x....      LDR.W    R0,??DataTable3_4
   \   00000074   0x.... 0x....      LDR.W    R1,??DataTable3_8
   \   00000078   0x6809             LDR      R1,[R1, #+0]
   \   0000007A   0x5C08             LDRB     R0,[R1, R0]
   \   0000007C   0x.... 0x....      LDR.W    R1,??DataTable3_4
   \   00000080   0x.... 0x....      LDR.W    R2,??DataTable3_8
   \   00000084   0x6812             LDR      R2,[R2, #+0]
   \   00000086   0x1851             ADDS     R1,R2,R1
   \   00000088   0xF811 0x1C01      LDRB     R1,[R1, #-1]
   \   0000008C   0x4288             CMP      R0,R1
   \   0000008E   0xD20D             BCS.N    ??Dev_calH_4
    190          	{
    191          	 ADVH[iH]=ADVH[iH-1];
   \   00000090   0x.... 0x....      LDR.W    R0,??DataTable3_4
   \   00000094   0x.... 0x....      LDR.W    R1,??DataTable3_8
   \   00000098   0x6809             LDR      R1,[R1, #+0]
   \   0000009A   0x1808             ADDS     R0,R1,R0
   \   0000009C   0xF810 0x0C01      LDRB     R0,[R0, #-1]
   \   000000A0   0x.... 0x....      LDR.W    R1,??DataTable3_4
   \   000000A4   0x.... 0x....      LDR.W    R2,??DataTable3_8
   \   000000A8   0x6812             LDR      R2,[R2, #+0]
   \   000000AA   0x5450             STRB     R0,[R2, R1]
    192          	}
    193             }
    194             if(ADVH[iH]>GrayMaxH)
   \                     ??Dev_calH_4: (+1)
   \   000000AC   0x.... 0x....      LDR.W    R0,??DataTable3_7
   \   000000B0   0x6800             LDR      R0,[R0, #+0]
   \   000000B2   0x.... 0x....      LDR.W    R1,??DataTable3_4
   \   000000B6   0x.... 0x....      LDR.W    R2,??DataTable3_8
   \   000000BA   0x6812             LDR      R2,[R2, #+0]
   \   000000BC   0x5C51             LDRB     R1,[R2, R1]
   \   000000BE   0x4288             CMP      R0,R1
   \   000000C0   0xDA08             BGE.N    ??Dev_calH_5
    195             {
    196          	GrayMaxH=ADVH[iH];
   \   000000C2   0x.... 0x....      LDR.W    R0,??DataTable3_4
   \   000000C6   0x.... 0x....      LDR.W    R1,??DataTable3_8
   \   000000CA   0x6809             LDR      R1,[R1, #+0]
   \   000000CC   0x5C08             LDRB     R0,[R1, R0]
   \   000000CE   0x.... 0x....      LDR.W    R1,??DataTable3_7
   \   000000D2   0x6008             STR      R0,[R1, #+0]
    197          	
    198             }
   \                     ??Dev_calH_5: (+1)
   \   000000D4   0x.... 0x....      LDR.W    R0,??DataTable3_8
   \   000000D8   0x6800             LDR      R0,[R0, #+0]
   \   000000DA   0x1C40             ADDS     R0,R0,#+1
   \   000000DC   0x.... 0x....      LDR.W    R1,??DataTable3_8
   \   000000E0   0x6008             STR      R0,[R1, #+0]
   \                     ??Dev_calH_2: (+1)
   \   000000E2   0x.... 0x....      LDR.W    R0,??DataTable3_8
   \   000000E6   0x6800             LDR      R0,[R0, #+0]
   \   000000E8   0x2876             CMP      R0,#+118
   \   000000EA   0xF280 0x8120      BGE.W    ??Dev_calH_6
   \   000000EE   0x.... 0x....      LDR.W    R0,??DataTable3_4
   \   000000F2   0x.... 0x....      LDR.W    R1,??DataTable3_8
   \   000000F6   0x6809             LDR      R1,[R1, #+0]
   \   000000F8   0x5C08             LDRB     R0,[R1, R0]
   \   000000FA   0x.... 0x....      LDR.W    R1,??DataTable3_6
   \   000000FE   0x6809             LDR      R1,[R1, #+0]
   \   00000100   0x4288             CMP      R0,R1
   \   00000102   0xF280 0x809C      BGE.W    ??Dev_calH_7
   \   00000106   0x.... 0x....      LDR.W    R0,??DataTable3_4
   \   0000010A   0x.... 0x....      LDR.W    R1,??DataTable3_8
   \   0000010E   0x6809             LDR      R1,[R1, #+0]
   \   00000110   0x1808             ADDS     R0,R1,R0
   \   00000112   0x7840             LDRB     R0,[R0, #+1]
   \   00000114   0x.... 0x....      LDR.W    R1,??DataTable3_4
   \   00000118   0x.... 0x....      LDR.W    R2,??DataTable3_8
   \   0000011C   0x6812             LDR      R2,[R2, #+0]
   \   0000011E   0x1851             ADDS     R1,R2,R1
   \   00000120   0xF811 0x1C01      LDRB     R1,[R1, #-1]
   \   00000124   0x4288             CMP      R0,R1
   \   00000126   0xD23B             BCS.N    ??Dev_calH_8
   \   00000128   0x.... 0x....      LDR.W    R0,??DataTable3_4
   \   0000012C   0x.... 0x....      LDR.W    R1,??DataTable3_8
   \   00000130   0x6809             LDR      R1,[R1, #+0]
   \   00000132   0x1808             ADDS     R0,R1,R0
   \   00000134   0xF810 0x0C01      LDRB     R0,[R0, #-1]
   \   00000138   0x.... 0x....      LDR.W    R1,??DataTable3_4
   \   0000013C   0x.... 0x....      LDR.W    R2,??DataTable3_8
   \   00000140   0x6812             LDR      R2,[R2, #+0]
   \   00000142   0x5C51             LDRB     R1,[R2, R1]
   \   00000144   0x4288             CMP      R0,R1
   \   00000146   0xD20E             BCS.N    ??Dev_calH_9
   \   00000148   0x.... 0x....      LDR.W    R0,??DataTable3_4
   \   0000014C   0x.... 0x....      LDR.W    R1,??DataTable3_8
   \   00000150   0x6809             LDR      R1,[R1, #+0]
   \   00000152   0x1808             ADDS     R0,R1,R0
   \   00000154   0xF810 0x0C01      LDRB     R0,[R0, #-1]
   \   00000158   0x.... 0x....      LDR.W    R1,??DataTable3_4
   \   0000015C   0x.... 0x....      LDR.W    R2,??DataTable3_8
   \   00000160   0x6812             LDR      R2,[R2, #+0]
   \   00000162   0x5450             STRB     R0,[R2, R1]
   \   00000164   0xE057             B.N      ??Dev_calH_10
   \                     ??Dev_calH_9: (+1)
   \   00000166   0x.... 0x....      LDR.W    R0,??DataTable3_4
   \   0000016A   0x.... 0x....      LDR.W    R1,??DataTable3_8
   \   0000016E   0x6809             LDR      R1,[R1, #+0]
   \   00000170   0x5C08             LDRB     R0,[R1, R0]
   \   00000172   0x.... 0x....      LDR.W    R1,??DataTable3_4
   \   00000176   0x.... 0x....      LDR.W    R2,??DataTable3_8
   \   0000017A   0x6812             LDR      R2,[R2, #+0]
   \   0000017C   0x1851             ADDS     R1,R2,R1
   \   0000017E   0x7849             LDRB     R1,[R1, #+1]
   \   00000180   0x4288             CMP      R0,R1
   \   00000182   0xD248             BCS.N    ??Dev_calH_10
   \   00000184   0x.... 0x....      LDR.W    R0,??DataTable3_4
   \   00000188   0x.... 0x....      LDR.W    R1,??DataTable3_8
   \   0000018C   0x6809             LDR      R1,[R1, #+0]
   \   0000018E   0x1808             ADDS     R0,R1,R0
   \   00000190   0x7840             LDRB     R0,[R0, #+1]
   \   00000192   0x.... 0x....      LDR.W    R1,??DataTable3_4
   \   00000196   0x.... 0x....      LDR.W    R2,??DataTable3_8
   \   0000019A   0x6812             LDR      R2,[R2, #+0]
   \   0000019C   0x5450             STRB     R0,[R2, R1]
   \   0000019E   0xE03A             B.N      ??Dev_calH_10
   \                     ??Dev_calH_8: (+1)
   \   000001A0   0x.... 0x....      LDR.W    R0,??DataTable3_4
   \   000001A4   0x.... 0x....      LDR.W    R1,??DataTable3_8
   \   000001A8   0x6809             LDR      R1,[R1, #+0]
   \   000001AA   0x1808             ADDS     R0,R1,R0
   \   000001AC   0x7840             LDRB     R0,[R0, #+1]
   \   000001AE   0x.... 0x....      LDR.W    R1,??DataTable3_4
   \   000001B2   0x.... 0x....      LDR.W    R2,??DataTable3_8
   \   000001B6   0x6812             LDR      R2,[R2, #+0]
   \   000001B8   0x5C51             LDRB     R1,[R2, R1]
   \   000001BA   0x4288             CMP      R0,R1
   \   000001BC   0xD20D             BCS.N    ??Dev_calH_11
   \   000001BE   0x.... 0x....      LDR.W    R0,??DataTable3_4
   \   000001C2   0x.... 0x....      LDR.W    R1,??DataTable3_8
   \   000001C6   0x6809             LDR      R1,[R1, #+0]
   \   000001C8   0x1808             ADDS     R0,R1,R0
   \   000001CA   0x7840             LDRB     R0,[R0, #+1]
   \   000001CC   0x.... 0x....      LDR.W    R1,??DataTable3_4
   \   000001D0   0x.... 0x....      LDR.W    R2,??DataTable3_8
   \   000001D4   0x6812             LDR      R2,[R2, #+0]
   \   000001D6   0x5450             STRB     R0,[R2, R1]
   \   000001D8   0xE01D             B.N      ??Dev_calH_10
   \                     ??Dev_calH_11: (+1)
   \   000001DA   0x.... 0x....      LDR.W    R0,??DataTable3_4
   \   000001DE   0x.... 0x....      LDR.W    R1,??DataTable3_8
   \   000001E2   0x6809             LDR      R1,[R1, #+0]
   \   000001E4   0x5C08             LDRB     R0,[R1, R0]
   \   000001E6   0x.... 0x....      LDR.W    R1,??DataTable3_4
   \   000001EA   0x.... 0x....      LDR.W    R2,??DataTable3_8
   \   000001EE   0x6812             LDR      R2,[R2, #+0]
   \   000001F0   0x1851             ADDS     R1,R2,R1
   \   000001F2   0xF811 0x1C01      LDRB     R1,[R1, #-1]
   \   000001F6   0x4288             CMP      R0,R1
   \   000001F8   0xD20D             BCS.N    ??Dev_calH_10
   \   000001FA   0x.... 0x....      LDR.W    R0,??DataTable3_4
   \   000001FE   0x.... 0x....      LDR.W    R1,??DataTable3_8
   \   00000202   0x6809             LDR      R1,[R1, #+0]
   \   00000204   0x1808             ADDS     R0,R1,R0
   \   00000206   0xF810 0x0C01      LDRB     R0,[R0, #-1]
   \   0000020A   0x.... 0x....      LDR.W    R1,??DataTable3_4
   \   0000020E   0x.... 0x....      LDR.W    R2,??DataTable3_8
   \   00000212   0x6812             LDR      R2,[R2, #+0]
   \   00000214   0x5450             STRB     R0,[R2, R1]
   \                     ??Dev_calH_10: (+1)
   \   00000216   0x.... 0x....      LDR.W    R0,??DataTable3_4
   \   0000021A   0x.... 0x....      LDR.W    R1,??DataTable3_8
   \   0000021E   0x6809             LDR      R1,[R1, #+0]
   \   00000220   0x5C08             LDRB     R0,[R1, R0]
   \   00000222   0x.... 0x....      LDR.W    R1,??DataTable3_6
   \   00000226   0x6809             LDR      R1,[R1, #+0]
   \   00000228   0x4288             CMP      R0,R1
   \   0000022A   0xDA08             BGE.N    ??Dev_calH_7
   \   0000022C   0x.... 0x....      LDR.W    R0,??DataTable3_4
   \   00000230   0x.... 0x....      LDR.W    R1,??DataTable3_8
   \   00000234   0x6809             LDR      R1,[R1, #+0]
   \   00000236   0x5C08             LDRB     R0,[R1, R0]
   \   00000238   0x.... 0x....      LDR.W    R1,??DataTable3_6
   \   0000023C   0x6008             STR      R0,[R1, #+0]
   \                     ??Dev_calH_7: (+1)
   \   0000023E   0x.... 0x....      LDR.W    R0,??DataTable3_7
   \   00000242   0x6800             LDR      R0,[R0, #+0]
   \   00000244   0x.... 0x....      LDR.W    R1,??DataTable3_4
   \   00000248   0x.... 0x....      LDR.W    R2,??DataTable3_8
   \   0000024C   0x6812             LDR      R2,[R2, #+0]
   \   0000024E   0x5C51             LDRB     R1,[R2, R1]
   \   00000250   0x4288             CMP      R0,R1
   \   00000252   0xF6BF 0xAF3F      BGE.W    ??Dev_calH_5
   \   00000256   0x.... 0x....      LDR.W    R0,??DataTable3_4
   \   0000025A   0x.... 0x....      LDR.W    R1,??DataTable3_8
   \   0000025E   0x6809             LDR      R1,[R1, #+0]
   \   00000260   0x1808             ADDS     R0,R1,R0
   \   00000262   0x7840             LDRB     R0,[R0, #+1]
   \   00000264   0x.... 0x....      LDR.W    R1,??DataTable3_4
   \   00000268   0x.... 0x....      LDR.W    R2,??DataTable3_8
   \   0000026C   0x6812             LDR      R2,[R2, #+0]
   \   0000026E   0x1851             ADDS     R1,R2,R1
   \   00000270   0xF811 0x1C01      LDRB     R1,[R1, #-1]
   \   00000274   0x4288             CMP      R0,R1
   \   00000276   0xD23C             BCS.N    ??Dev_calH_12
   \   00000278   0x.... 0x....      LDR.W    R0,??DataTable3_4
   \   0000027C   0x.... 0x....      LDR.W    R1,??DataTable3_8
   \   00000280   0x6809             LDR      R1,[R1, #+0]
   \   00000282   0x1808             ADDS     R0,R1,R0
   \   00000284   0xF810 0x0C01      LDRB     R0,[R0, #-1]
   \   00000288   0x.... 0x....      LDR.W    R1,??DataTable3_4
   \   0000028C   0x.... 0x....      LDR.W    R2,??DataTable3_8
   \   00000290   0x6812             LDR      R2,[R2, #+0]
   \   00000292   0x5C51             LDRB     R1,[R2, R1]
   \   00000294   0x4288             CMP      R0,R1
   \   00000296   0xD20E             BCS.N    ??Dev_calH_13
   \   00000298   0x.... 0x....      LDR.W    R0,??DataTable3_4
   \   0000029C   0x.... 0x....      LDR.W    R1,??DataTable3_8
   \   000002A0   0x6809             LDR      R1,[R1, #+0]
   \   000002A2   0x1808             ADDS     R0,R1,R0
   \   000002A4   0xF810 0x0C01      LDRB     R0,[R0, #-1]
   \   000002A8   0x.... 0x....      LDR.W    R1,??DataTable3_4
   \   000002AC   0x.... 0x....      LDR.W    R2,??DataTable3_8
   \   000002B0   0x6812             LDR      R2,[R2, #+0]
   \   000002B2   0x5450             STRB     R0,[R2, R1]
   \   000002B4   0xE6FA             B.N      ??Dev_calH_4
   \                     ??Dev_calH_13: (+1)
   \   000002B6   0x.... 0x....      LDR.W    R0,??DataTable3_4
   \   000002BA   0x.... 0x....      LDR.W    R1,??DataTable3_8
   \   000002BE   0x6809             LDR      R1,[R1, #+0]
   \   000002C0   0x5C08             LDRB     R0,[R1, R0]
   \   000002C2   0x.... 0x....      LDR.W    R1,??DataTable3_4
   \   000002C6   0x.... 0x....      LDR.W    R2,??DataTable3_8
   \   000002CA   0x6812             LDR      R2,[R2, #+0]
   \   000002CC   0x1851             ADDS     R1,R2,R1
   \   000002CE   0x7849             LDRB     R1,[R1, #+1]
   \   000002D0   0x4288             CMP      R0,R1
   \   000002D2   0xF4BF 0xAEEB      BCS.W    ??Dev_calH_4
   \   000002D6   0x.... 0x....      LDR.W    R0,??DataTable3_4
   \   000002DA   0x.... 0x....      LDR.W    R1,??DataTable3_8
   \   000002DE   0x6809             LDR      R1,[R1, #+0]
   \   000002E0   0x1808             ADDS     R0,R1,R0
   \   000002E2   0x7840             LDRB     R0,[R0, #+1]
   \   000002E4   0x.... 0x....      LDR.W    R1,??DataTable3_4
   \   000002E8   0x.... 0x....      LDR.W    R2,??DataTable3_8
   \   000002EC   0x6812             LDR      R2,[R2, #+0]
   \   000002EE   0x5450             STRB     R0,[R2, R1]
   \   000002F0   0xE6DC             B.N      ??Dev_calH_4
   \                     ??Dev_calH_12: (+1)
   \   000002F2   0x.... 0x....      LDR.W    R0,??DataTable3_4
   \   000002F6   0x.... 0x....      LDR.W    R1,??DataTable3_8
   \   000002FA   0x6809             LDR      R1,[R1, #+0]
   \   000002FC   0x1808             ADDS     R0,R1,R0
   \   000002FE   0x7840             LDRB     R0,[R0, #+1]
   \   00000300   0x.... 0x....      LDR.W    R1,??DataTable3_4
   \   00000304   0x.... 0x....      LDR.W    R2,??DataTable3_8
   \   00000308   0x6812             LDR      R2,[R2, #+0]
   \   0000030A   0x5C51             LDRB     R1,[R2, R1]
   \   0000030C   0x4288             CMP      R0,R1
   \   0000030E   0xF4BF 0xAEAF      BCS.W    ??Dev_calH_3
   \   00000312   0x.... 0x....      LDR.W    R0,??DataTable3_4
   \   00000316   0x.... 0x....      LDR.W    R1,??DataTable3_8
   \   0000031A   0x6809             LDR      R1,[R1, #+0]
   \   0000031C   0x1808             ADDS     R0,R1,R0
   \   0000031E   0x7840             LDRB     R0,[R0, #+1]
   \   00000320   0x.... 0x....      LDR.W    R1,??DataTable3_4
   \   00000324   0x.... 0x....      LDR.W    R2,??DataTable3_8
   \   00000328   0x6812             LDR      R2,[R2, #+0]
   \   0000032A   0x5450             STRB     R0,[R2, R1]
   \   0000032C   0xE6BE             B.N      ??Dev_calH_4
    199             
    200            }
    201           }
    202           
    203           
    204           
    205           
    206           
    207           
    208           L_edgeFlagH[0]=0; 
   \                     ??Dev_calH_6: (+1)
   \   0000032E   0x2000             MOVS     R0,#+0
   \   00000330   0x.... 0x....      LDR.W    R1,??DataTable3_9
   \   00000334   0x7008             STRB     R0,[R1, #+0]
    209           yanLLH=midlineH-64;
   \   00000336   0x.... 0x....      LDR.W    R0,??DataTable3_10
   \   0000033A   0x6800             LDR      R0,[R0, #+0]
   \   0000033C   0x3840             SUBS     R0,R0,#+64
   \   0000033E   0x.... 0x....      LDR.W    R1,??DataTable3_11
   \   00000342   0x6008             STR      R0,[R1, #+0]
    210           if(yanLLH<10)
   \   00000344   0x.... 0x....      LDR.W    R0,??DataTable3_11
   \   00000348   0x6800             LDR      R0,[R0, #+0]
   \   0000034A   0x280A             CMP      R0,#+10
   \   0000034C   0xDA03             BGE.N    ??Dev_calH_14
    211            yanLLH=10;                     //划定左跳沿范围
   \   0000034E   0x200A             MOVS     R0,#+10
   \   00000350   0x.... 0x....      LDR.W    R1,??DataTable3_11
   \   00000354   0x6008             STR      R0,[R1, #+0]
    212           
    213           for(jH=midlineH;jH>yanLLH;jH--)
   \                     ??Dev_calH_14: (+1)
   \   00000356   0x.... 0x....      LDR.W    R0,??DataTable3_10
   \   0000035A   0x6800             LDR      R0,[R0, #+0]
   \   0000035C   0x.... 0x....      LDR.W    R1,??DataTable3_3
   \   00000360   0x6008             STR      R0,[R1, #+0]
   \   00000362   0xE006             B.N      ??Dev_calH_15
   \                     ??Dev_calH_16: (+1)
   \   00000364   0x.... 0x....      LDR.W    R0,??DataTable3_3
   \   00000368   0x6800             LDR      R0,[R0, #+0]
   \   0000036A   0x1E40             SUBS     R0,R0,#+1
   \   0000036C   0x.... 0x....      LDR.W    R1,??DataTable3_3
   \   00000370   0x6008             STR      R0,[R1, #+0]
   \                     ??Dev_calH_15: (+1)
   \   00000372   0x.... 0x....      LDR.W    R0,??DataTable3_11
   \   00000376   0x6800             LDR      R0,[R0, #+0]
   \   00000378   0x.... 0x....      LDR.W    R1,??DataTable3_3
   \   0000037C   0x6809             LDR      R1,[R1, #+0]
   \   0000037E   0x4288             CMP      R0,R1
   \   00000380   0xF280 0x8084      BGE.W    ??Dev_calH_17
    214           {
    215            if(ADVH[jH]>thresholdH)
   \   00000384   0x.... 0x....      LDR.W    R0,??DataTable3_5
   \   00000388   0x6800             LDR      R0,[R0, #+0]
   \   0000038A   0x.... 0x....      LDR.W    R1,??DataTable3_4
   \   0000038E   0x.... 0x....      LDR.W    R2,??DataTable3_3
   \   00000392   0x6812             LDR      R2,[R2, #+0]
   \   00000394   0x5C51             LDRB     R1,[R2, R1]
   \   00000396   0x4288             CMP      R0,R1
   \   00000398   0xDAE4             BGE.N    ??Dev_calH_16
    216             
    217             if(ADVH[jH+1]>ADVH[jH])  
   \   0000039A   0x.... 0x....      LDR.W    R0,??DataTable3_4
   \   0000039E   0x.... 0x....      LDR.W    R1,??DataTable3_3
   \   000003A2   0x6809             LDR      R1,[R1, #+0]
   \   000003A4   0x5C08             LDRB     R0,[R1, R0]
   \   000003A6   0x.... 0x....      LDR.W    R1,??DataTable3_4
   \   000003AA   0x.... 0x....      LDR.W    R2,??DataTable3_3
   \   000003AE   0x6812             LDR      R2,[R2, #+0]
   \   000003B0   0x1851             ADDS     R1,R2,R1
   \   000003B2   0x7849             LDRB     R1,[R1, #+1]
   \   000003B4   0x4288             CMP      R0,R1
   \   000003B6   0xD2D5             BCS.N    ??Dev_calH_16
    218          	if(ADVH[jH]>ADVH[jH-1])
   \   000003B8   0x.... 0x....      LDR.W    R0,??DataTable3_4
   \   000003BC   0x.... 0x....      LDR.W    R1,??DataTable3_3
   \   000003C0   0x6809             LDR      R1,[R1, #+0]
   \   000003C2   0x1808             ADDS     R0,R1,R0
   \   000003C4   0xF810 0x0C01      LDRB     R0,[R0, #-1]
   \   000003C8   0x.... 0x....      LDR.W    R1,??DataTable3_4
   \   000003CC   0x.... 0x....      LDR.W    R2,??DataTable3_3
   \   000003D0   0x6812             LDR      R2,[R2, #+0]
   \   000003D2   0x5C51             LDRB     R1,[R2, R1]
   \   000003D4   0x4288             CMP      R0,R1
   \   000003D6   0xD2C5             BCS.N    ??Dev_calH_16
    219          	 if(ADVH[jH-1]>ADVH[jH-2])
   \   000003D8   0x.... 0x....      LDR.W    R0,??DataTable3_4
   \   000003DC   0x.... 0x....      LDR.W    R1,??DataTable3_3
   \   000003E0   0x6809             LDR      R1,[R1, #+0]
   \   000003E2   0x1808             ADDS     R0,R1,R0
   \   000003E4   0xF810 0x0C02      LDRB     R0,[R0, #-2]
   \   000003E8   0x.... 0x....      LDR.W    R1,??DataTable3_4
   \   000003EC   0x.... 0x....      LDR.W    R2,??DataTable3_3
   \   000003F0   0x6812             LDR      R2,[R2, #+0]
   \   000003F2   0x1851             ADDS     R1,R2,R1
   \   000003F4   0xF811 0x1C01      LDRB     R1,[R1, #-1]
   \   000003F8   0x4288             CMP      R0,R1
   \   000003FA   0xD2B3             BCS.N    ??Dev_calH_16
    220          	  
    221          	  if(ADVH[jH-1]<=thresholdH)
   \   000003FC   0x.... 0x....      LDR.W    R0,??DataTable3_5
   \   00000400   0x6800             LDR      R0,[R0, #+0]
   \   00000402   0x.... 0x....      LDR.W    R1,??DataTable3_4
   \   00000406   0x.... 0x....      LDR.W    R2,??DataTable3_3
   \   0000040A   0x6812             LDR      R2,[R2, #+0]
   \   0000040C   0x1851             ADDS     R1,R2,R1
   \   0000040E   0xF811 0x1C01      LDRB     R1,[R1, #-1]
   \   00000412   0x4288             CMP      R0,R1
   \   00000414   0xDBA6             BLT.N    ??Dev_calH_16
    222          	   
    223          	   if((ADVH[jH+1]-ADVH[jH-2])>Ka)  
   \   00000416   0x.... 0x....      LDR.W    R0,??DataTable3_12
   \   0000041A   0x6800             LDR      R0,[R0, #+0]
   \   0000041C   0x.... 0x....      LDR.W    R1,??DataTable3_4
   \   00000420   0x.... 0x....      LDR.W    R2,??DataTable3_3
   \   00000424   0x6812             LDR      R2,[R2, #+0]
   \   00000426   0x1851             ADDS     R1,R2,R1
   \   00000428   0x7849             LDRB     R1,[R1, #+1]
   \   0000042A   0x.... 0x....      LDR.W    R2,??DataTable3_4
   \   0000042E   0x.... 0x....      LDR.W    R3,??DataTable3_3
   \   00000432   0x681B             LDR      R3,[R3, #+0]
   \   00000434   0x189A             ADDS     R2,R3,R2
   \   00000436   0xF812 0x2C02      LDRB     R2,[R2, #-2]
   \   0000043A   0x1A89             SUBS     R1,R1,R2
   \   0000043C   0x4288             CMP      R0,R1
   \   0000043E   0xDA91             BGE.N    ??Dev_calH_16
    224          		
    225          		
    226          		if(ADVH[jH+2]>ADVH[jH-2])   
   \   00000440   0x.... 0x....      LDR.W    R0,??DataTable3_4
   \   00000444   0x.... 0x....      LDR.W    R1,??DataTable3_3
   \   00000448   0x6809             LDR      R1,[R1, #+0]
   \   0000044A   0x1808             ADDS     R0,R1,R0
   \   0000044C   0xF810 0x0C02      LDRB     R0,[R0, #-2]
   \   00000450   0x.... 0x....      LDR.W    R1,??DataTable3_4
   \   00000454   0x.... 0x....      LDR.W    R2,??DataTable3_3
   \   00000458   0x6812             LDR      R2,[R2, #+0]
   \   0000045A   0x1851             ADDS     R1,R2,R1
   \   0000045C   0x7889             LDRB     R1,[R1, #+2]
   \   0000045E   0x4288             CMP      R0,R1
   \   00000460   0xF4BF 0xAF80      BCS.W    ??Dev_calH_16
    227          		 
    228          		 
    229          		 if(ADVH[jH+7]>220)
   \   00000464   0x.... 0x....      LDR.W    R0,??DataTable3_4
   \   00000468   0x.... 0x....      LDR.W    R1,??DataTable3_3
   \   0000046C   0x6809             LDR      R1,[R1, #+0]
   \   0000046E   0x1808             ADDS     R0,R1,R0
   \   00000470   0x79C0             LDRB     R0,[R0, #+7]
   \   00000472   0x28DD             CMP      R0,#+221
   \   00000474   0xF6FF 0xAF76      BLT.W    ??Dev_calH_16
    230          		  
    231          		 { 
    232          		  LedgeH[0] = jH;              
   \   00000478   0x.... 0x....      LDR.W    R0,??DataTable3_3
   \   0000047C   0x6800             LDR      R0,[R0, #+0]
   \   0000047E   0x.... 0x....      LDR.W    R1,??DataTable3_13
   \   00000482   0x6008             STR      R0,[R1, #+0]
    233          		  L_edgeFlagH[0]=1;  
   \   00000484   0x2001             MOVS     R0,#+1
   \   00000486   0x.... 0x....      LDR.W    R1,??DataTable3_9
   \   0000048A   0x7008             STRB     R0,[R1, #+0]
    234          		  break;
    235          		 }
    236           }
    237           
    238           
    239           R_edgeFlagH[0]=0;  
   \                     ??Dev_calH_17: (+1)
   \   0000048C   0x2000             MOVS     R0,#+0
   \   0000048E   0x.... 0x....      LDR.W    R1,??DataTable3_14
   \   00000492   0x7008             STRB     R0,[R1, #+0]
    240           yanRRH=midlineH+64;
   \   00000494   0x.... 0x....      LDR.W    R0,??DataTable3_10
   \   00000498   0x6800             LDR      R0,[R0, #+0]
   \   0000049A   0x3040             ADDS     R0,R0,#+64
   \   0000049C   0x.... 0x....      LDR.W    R1,??DataTable3_15
   \   000004A0   0x6008             STR      R0,[R1, #+0]
    241           if( yanRRH>117)                   //划定右跳沿范围
   \   000004A2   0x.... 0x....      LDR.W    R0,??DataTable3_15
   \   000004A6   0x6800             LDR      R0,[R0, #+0]
   \   000004A8   0x2876             CMP      R0,#+118
   \   000004AA   0xDB03             BLT.N    ??Dev_calH_18
    242            yanRRH=117; 
   \   000004AC   0x2075             MOVS     R0,#+117
   \   000004AE   0x.... 0x....      LDR.W    R1,??DataTable3_15
   \   000004B2   0x6008             STR      R0,[R1, #+0]
    243           
    244           for(jH=midlineH;jH<yanRRH;jH++)
   \                     ??Dev_calH_18: (+1)
   \   000004B4   0x.... 0x....      LDR.W    R0,??DataTable3_10
   \   000004B8   0x6800             LDR      R0,[R0, #+0]
   \   000004BA   0x.... 0x....      LDR.W    R1,??DataTable3_3
   \   000004BE   0x6008             STR      R0,[R1, #+0]
   \   000004C0   0xE006             B.N      ??Dev_calH_19
   \                     ??Dev_calH_20: (+1)
   \   000004C2   0x.... 0x....      LDR.W    R0,??DataTable3_3
   \   000004C6   0x6800             LDR      R0,[R0, #+0]
   \   000004C8   0x1C40             ADDS     R0,R0,#+1
   \   000004CA   0x.... 0x....      LDR.W    R1,??DataTable3_3
   \   000004CE   0x6008             STR      R0,[R1, #+0]
   \                     ??Dev_calH_19: (+1)
   \   000004D0   0x.... 0x....      LDR.W    R0,??DataTable3_3
   \   000004D4   0x6800             LDR      R0,[R0, #+0]
   \   000004D6   0x.... 0x....      LDR.W    R1,??DataTable3_15
   \   000004DA   0x6809             LDR      R1,[R1, #+0]
   \   000004DC   0x4288             CMP      R0,R1
   \   000004DE   0xDA63             BGE.N    ??Dev_calH_21
    245            
    246           {
    247            
    248            if(ADVH[jH]>thresholdH)
   \   000004E0   0x.... 0x....      LDR.W    R0,??DataTable3_5
   \   000004E4   0x6800             LDR      R0,[R0, #+0]
   \   000004E6   0x.... 0x....      LDR.W    R1,??DataTable3_4
   \   000004EA   0x.... 0x....      LDR.W    R2,??DataTable3_3
   \   000004EE   0x6812             LDR      R2,[R2, #+0]
   \   000004F0   0x5C51             LDRB     R1,[R2, R1]
   \   000004F2   0x4288             CMP      R0,R1
   \   000004F4   0xDAE5             BGE.N    ??Dev_calH_20
    249             
    250             if(ADVH[jH-1]>ADVH[jH])   
   \   000004F6   0x.... 0x....      LDR.W    R0,??DataTable3_4
   \   000004FA   0x....             LDR.N    R1,??DataTable3_3
   \   000004FC   0x6809             LDR      R1,[R1, #+0]
   \   000004FE   0x5C08             LDRB     R0,[R1, R0]
   \   00000500   0x....             LDR.N    R1,??DataTable3_4
   \   00000502   0x....             LDR.N    R2,??DataTable3_3
   \   00000504   0x6812             LDR      R2,[R2, #+0]
   \   00000506   0x1851             ADDS     R1,R2,R1
   \   00000508   0xF811 0x1C01      LDRB     R1,[R1, #-1]
   \   0000050C   0x4288             CMP      R0,R1
   \   0000050E   0xD2D8             BCS.N    ??Dev_calH_20
    251          	if(ADVH[jH]>ADVH[jH+1])
   \   00000510   0x....             LDR.N    R0,??DataTable3_4
   \   00000512   0x....             LDR.N    R1,??DataTable3_3
   \   00000514   0x6809             LDR      R1,[R1, #+0]
   \   00000516   0x1808             ADDS     R0,R1,R0
   \   00000518   0x7840             LDRB     R0,[R0, #+1]
   \   0000051A   0x....             LDR.N    R1,??DataTable3_4
   \   0000051C   0x....             LDR.N    R2,??DataTable3_3
   \   0000051E   0x6812             LDR      R2,[R2, #+0]
   \   00000520   0x5C51             LDRB     R1,[R2, R1]
   \   00000522   0x4288             CMP      R0,R1
   \   00000524   0xD2CD             BCS.N    ??Dev_calH_20
    252          	 if(ADVH[jH+1]>ADVH[jH+2])  
   \   00000526   0x....             LDR.N    R0,??DataTable3_4
   \   00000528   0x....             LDR.N    R1,??DataTable3_3
   \   0000052A   0x6809             LDR      R1,[R1, #+0]
   \   0000052C   0x1808             ADDS     R0,R1,R0
   \   0000052E   0x7880             LDRB     R0,[R0, #+2]
   \   00000530   0x....             LDR.N    R1,??DataTable3_4
   \   00000532   0x....             LDR.N    R2,??DataTable3_3
   \   00000534   0x6812             LDR      R2,[R2, #+0]
   \   00000536   0x1851             ADDS     R1,R2,R1
   \   00000538   0x7849             LDRB     R1,[R1, #+1]
   \   0000053A   0x4288             CMP      R0,R1
   \   0000053C   0xD2C1             BCS.N    ??Dev_calH_20
    253          	  
    254          	  if(ADVH[jH+1]<=thresholdH)
   \   0000053E   0x....             LDR.N    R0,??DataTable3_5
   \   00000540   0x6800             LDR      R0,[R0, #+0]
   \   00000542   0x....             LDR.N    R1,??DataTable3_4
   \   00000544   0x....             LDR.N    R2,??DataTable3_3
   \   00000546   0x6812             LDR      R2,[R2, #+0]
   \   00000548   0x1851             ADDS     R1,R2,R1
   \   0000054A   0x7849             LDRB     R1,[R1, #+1]
   \   0000054C   0x4288             CMP      R0,R1
   \   0000054E   0xDBB8             BLT.N    ??Dev_calH_20
    255          	   
    256          	   if((ADVH[jH-1]-ADVH[jH+2])>Ka)  
   \   00000550   0x....             LDR.N    R0,??DataTable3_12
   \   00000552   0x6800             LDR      R0,[R0, #+0]
   \   00000554   0x....             LDR.N    R1,??DataTable3_4
   \   00000556   0x....             LDR.N    R2,??DataTable3_3
   \   00000558   0x6812             LDR      R2,[R2, #+0]
   \   0000055A   0x1851             ADDS     R1,R2,R1
   \   0000055C   0xF811 0x1C01      LDRB     R1,[R1, #-1]
   \   00000560   0x....             LDR.N    R2,??DataTable3_4
   \   00000562   0x....             LDR.N    R3,??DataTable3_3
   \   00000564   0x681B             LDR      R3,[R3, #+0]
   \   00000566   0x189A             ADDS     R2,R3,R2
   \   00000568   0x7892             LDRB     R2,[R2, #+2]
   \   0000056A   0x1A89             SUBS     R1,R1,R2
   \   0000056C   0x4288             CMP      R0,R1
   \   0000056E   0xDAA8             BGE.N    ??Dev_calH_20
    257          		
    258          		if(ADVH[jH-2]>ADVH[jH+2])
   \   00000570   0x....             LDR.N    R0,??DataTable3_4
   \   00000572   0x....             LDR.N    R1,??DataTable3_3
   \   00000574   0x6809             LDR      R1,[R1, #+0]
   \   00000576   0x1808             ADDS     R0,R1,R0
   \   00000578   0x7880             LDRB     R0,[R0, #+2]
   \   0000057A   0x....             LDR.N    R1,??DataTable3_4
   \   0000057C   0x....             LDR.N    R2,??DataTable3_3
   \   0000057E   0x6812             LDR      R2,[R2, #+0]
   \   00000580   0x1851             ADDS     R1,R2,R1
   \   00000582   0xF811 0x1C02      LDRB     R1,[R1, #-2]
   \   00000586   0x4288             CMP      R0,R1
   \   00000588   0xD29B             BCS.N    ??Dev_calH_20
    259          		 
    260          		 
    261          		 
    262          		 if(ADVH[jH-7]>220)
   \   0000058A   0x....             LDR.N    R0,??DataTable3_4
   \   0000058C   0x....             LDR.N    R1,??DataTable3_3
   \   0000058E   0x6809             LDR      R1,[R1, #+0]
   \   00000590   0x1808             ADDS     R0,R1,R0
   \   00000592   0xF810 0x0C07      LDRB     R0,[R0, #-7]
   \   00000596   0x28DD             CMP      R0,#+221
   \   00000598   0xDB93             BLT.N    ??Dev_calH_20
    263          		  
    264          		 { 
    265          		  RedgeH[0] = jH;              
   \   0000059A   0x....             LDR.N    R0,??DataTable3_3
   \   0000059C   0x6800             LDR      R0,[R0, #+0]
   \   0000059E   0x....             LDR.N    R1,??DataTable3_16
   \   000005A0   0x6008             STR      R0,[R1, #+0]
    266          		  R_edgeFlagH[0]=1;  
   \   000005A2   0x2001             MOVS     R0,#+1
   \   000005A4   0x....             LDR.N    R1,??DataTable3_14
   \   000005A6   0x7008             STRB     R0,[R1, #+0]
    267          		  break;
    268          		 }            
    269           }
    270           
    271           
    272           
    273           
    274           
    275           if(LedgeH[0]>RedgeH[0])
   \                     ??Dev_calH_21: (+1)
   \   000005A8   0x....             LDR.N    R0,??DataTable3_16
   \   000005AA   0x6800             LDR      R0,[R0, #+0]
   \   000005AC   0x....             LDR.N    R1,??DataTable3_13
   \   000005AE   0x6809             LDR      R1,[R1, #+0]
   \   000005B0   0x4288             CMP      R0,R1
   \   000005B2   0xDA12             BGE.N    ??Dev_calH_22
    276           {
    277            L_edgeFlagH[0]=0;
   \   000005B4   0x2000             MOVS     R0,#+0
   \   000005B6   0x....             LDR.N    R1,??DataTable3_9
   \   000005B8   0x7008             STRB     R0,[R1, #+0]
    278            R_edgeFlagH[0]=0;
   \   000005BA   0x2000             MOVS     R0,#+0
   \   000005BC   0x....             LDR.N    R1,??DataTable3_14
   \   000005BE   0x7008             STRB     R0,[R1, #+0]
    279            RedgeH[0]=RedgeH[1];
   \   000005C0   0x....             LDR.N    R0,??DataTable3_16
   \   000005C2   0x6840             LDR      R0,[R0, #+4]
   \   000005C4   0x....             LDR.N    R1,??DataTable3_16
   \   000005C6   0x6008             STR      R0,[R1, #+0]
    280            LedgeH[0]=LedgeH[1];
   \   000005C8   0x....             LDR.N    R0,??DataTable3_13
   \   000005CA   0x6840             LDR      R0,[R0, #+4]
   \   000005CC   0x....             LDR.N    R1,??DataTable3_13
   \   000005CE   0x6008             STR      R0,[R1, #+0]
    281            len_showH[0]=len_showH[1];        
   \   000005D0   0x....             LDR.N    R0,??DataTable3_17
   \   000005D2   0x7840             LDRB     R0,[R0, #+1]
   \   000005D4   0x....             LDR.N    R1,??DataTable3_17
   \   000005D6   0x7008             STRB     R0,[R1, #+0]
   \   000005D8   0xE028             B.N      ??Dev_calH_23
    282           }
    283           else
    284           {
    285            if(L_edgeFlagH[0]+R_edgeFlagH[0]==2)
   \                     ??Dev_calH_22: (+1)
   \   000005DA   0x....             LDR.N    R0,??DataTable3_9
   \   000005DC   0x7800             LDRB     R0,[R0, #+0]
   \   000005DE   0x....             LDR.N    R1,??DataTable3_14
   \   000005E0   0x7809             LDRB     R1,[R1, #+0]
   \   000005E2   0x1808             ADDS     R0,R1,R0
   \   000005E4   0x2802             CMP      R0,#+2
   \   000005E6   0xD11D             BNE.N    ??Dev_calH_24
    286            {  
    287             len_showH[0]=RedgeH[0]-LedgeH[0];
   \   000005E8   0x....             LDR.N    R0,??DataTable3_16
   \   000005EA   0x6800             LDR      R0,[R0, #+0]
   \   000005EC   0x....             LDR.N    R1,??DataTable3_13
   \   000005EE   0x6809             LDR      R1,[R1, #+0]
   \   000005F0   0x1A40             SUBS     R0,R0,R1
   \   000005F2   0x....             LDR.N    R1,??DataTable3_17
   \   000005F4   0x7008             STRB     R0,[R1, #+0]
    288             
    289             if(len_showH[0]<40)
   \   000005F6   0x....             LDR.N    R0,??DataTable3_17
   \   000005F8   0x7800             LDRB     R0,[R0, #+0]
   \   000005FA   0x2828             CMP      R0,#+40
   \   000005FC   0xDA16             BGE.N    ??Dev_calH_23
    290             {
    291          	L_edgeFlagH[0]=0;
   \   000005FE   0x2000             MOVS     R0,#+0
   \   00000600   0x....             LDR.N    R1,??DataTable3_9
   \   00000602   0x7008             STRB     R0,[R1, #+0]
    292          	R_edgeFlagH[0]=0;
   \   00000604   0x2000             MOVS     R0,#+0
   \   00000606   0x....             LDR.N    R1,??DataTable3_14
   \   00000608   0x7008             STRB     R0,[R1, #+0]
    293          	RedgeH[0]=RedgeH[1];
   \   0000060A   0x....             LDR.N    R0,??DataTable3_16
   \   0000060C   0x6840             LDR      R0,[R0, #+4]
   \   0000060E   0x....             LDR.N    R1,??DataTable3_16
   \   00000610   0x6008             STR      R0,[R1, #+0]
    294          	LedgeH[0]=LedgeH[1];
   \   00000612   0x....             LDR.N    R0,??DataTable3_13
   \   00000614   0x6840             LDR      R0,[R0, #+4]
   \   00000616   0x....             LDR.N    R1,??DataTable3_13
   \   00000618   0x6008             STR      R0,[R1, #+0]
    295          	len_showH[0]=len_showH[1];    
   \   0000061A   0x....             LDR.N    R0,??DataTable3_17
   \   0000061C   0x7840             LDRB     R0,[R0, #+1]
   \   0000061E   0x....             LDR.N    R1,??DataTable3_17
   \   00000620   0x7008             STRB     R0,[R1, #+0]
   \   00000622   0xE003             B.N      ??Dev_calH_23
    296             }
    297            }
    298            else
    299            {
    300             len_showH[0]=len_showH[1];
   \                     ??Dev_calH_24: (+1)
   \   00000624   0x....             LDR.N    R0,??DataTable3_17
   \   00000626   0x7840             LDRB     R0,[R0, #+1]
   \   00000628   0x....             LDR.N    R1,??DataTable3_17
   \   0000062A   0x7008             STRB     R0,[R1, #+0]
    301            }    
    302           }
    303           
    304           
    305           
    306           for(jH=28;jH>=0;jH--)                      
   \                     ??Dev_calH_23: (+1)
   \   0000062C   0x201C             MOVS     R0,#+28
   \   0000062E   0x....             LDR.N    R1,??DataTable3_3
   \   00000630   0x6008             STR      R0,[R1, #+0]
   \   00000632   0xE02C             B.N      ??Dev_calH_25
    307           {
    308            L_edgeFlagH[jH+1]=L_edgeFlagH[jH];
   \                     ??Dev_calH_26: (+1)
   \   00000634   0x....             LDR.N    R0,??DataTable3_9
   \   00000636   0x....             LDR.N    R1,??DataTable3_3
   \   00000638   0x6809             LDR      R1,[R1, #+0]
   \   0000063A   0x5C08             LDRB     R0,[R1, R0]
   \   0000063C   0x....             LDR.N    R1,??DataTable3_9
   \   0000063E   0x....             LDR.N    R2,??DataTable3_3
   \   00000640   0x6812             LDR      R2,[R2, #+0]
   \   00000642   0x1851             ADDS     R1,R2,R1
   \   00000644   0x7048             STRB     R0,[R1, #+1]
    309            R_edgeFlagH[jH+1]=R_edgeFlagH[jH]; 
   \   00000646   0x....             LDR.N    R0,??DataTable3_14
   \   00000648   0x....             LDR.N    R1,??DataTable3_3
   \   0000064A   0x6809             LDR      R1,[R1, #+0]
   \   0000064C   0x5C08             LDRB     R0,[R1, R0]
   \   0000064E   0x....             LDR.N    R1,??DataTable3_14
   \   00000650   0x....             LDR.N    R2,??DataTable3_3
   \   00000652   0x6812             LDR      R2,[R2, #+0]
   \   00000654   0x1851             ADDS     R1,R2,R1
   \   00000656   0x7048             STRB     R0,[R1, #+1]
    310            LedgeH[jH+1]=LedgeH[jH];
   \   00000658   0x....             LDR.N    R0,??DataTable3_13
   \   0000065A   0x....             LDR.N    R1,??DataTable3_3
   \   0000065C   0x6809             LDR      R1,[R1, #+0]
   \   0000065E   0xF850 0x0021      LDR      R0,[R0, R1, LSL #+2]
   \   00000662   0x....             LDR.N    R1,??DataTable3_13
   \   00000664   0x....             LDR.N    R2,??DataTable3_3
   \   00000666   0x6812             LDR      R2,[R2, #+0]
   \   00000668   0xEB11 0x0182      ADDS     R1,R1,R2, LSL #+2
   \   0000066C   0x6048             STR      R0,[R1, #+4]
    311            RedgeH[jH+1]=RedgeH[jH]; 
   \   0000066E   0x....             LDR.N    R0,??DataTable3_16
   \   00000670   0x....             LDR.N    R1,??DataTable3_3
   \   00000672   0x6809             LDR      R1,[R1, #+0]
   \   00000674   0xF850 0x0021      LDR      R0,[R0, R1, LSL #+2]
   \   00000678   0x....             LDR.N    R1,??DataTable3_16
   \   0000067A   0x....             LDR.N    R2,??DataTable3_3
   \   0000067C   0x6812             LDR      R2,[R2, #+0]
   \   0000067E   0xEB11 0x0182      ADDS     R1,R1,R2, LSL #+2
   \   00000682   0x6048             STR      R0,[R1, #+4]
    312           }  
   \   00000684   0x....             LDR.N    R0,??DataTable3_3
   \   00000686   0x6800             LDR      R0,[R0, #+0]
   \   00000688   0x1E40             SUBS     R0,R0,#+1
   \   0000068A   0x....             LDR.N    R1,??DataTable3_3
   \   0000068C   0x6008             STR      R0,[R1, #+0]
   \                     ??Dev_calH_25: (+1)
   \   0000068E   0x....             LDR.N    R0,??DataTable3_3
   \   00000690   0x6800             LDR      R0,[R0, #+0]
   \   00000692   0x2800             CMP      R0,#+0
   \   00000694   0xD5CE             BPL.N    ??Dev_calH_26
    313           
    314           
    315           for(jH=7;jH>=0;jH--) 
   \   00000696   0x2007             MOVS     R0,#+7
   \   00000698   0x....             LDR.N    R1,??DataTable3_3
   \   0000069A   0x6008             STR      R0,[R1, #+0]
   \   0000069C   0xE00D             B.N      ??Dev_calH_27
    316           {
    317            len_showH[jH+1]=len_showH[jH];
   \                     ??Dev_calH_28: (+1)
   \   0000069E   0x....             LDR.N    R0,??DataTable3_17
   \   000006A0   0x....             LDR.N    R1,??DataTable3_3
   \   000006A2   0x6809             LDR      R1,[R1, #+0]
   \   000006A4   0x5C08             LDRB     R0,[R1, R0]
   \   000006A6   0x....             LDR.N    R1,??DataTable3_17
   \   000006A8   0x....             LDR.N    R2,??DataTable3_3
   \   000006AA   0x6812             LDR      R2,[R2, #+0]
   \   000006AC   0x1851             ADDS     R1,R2,R1
   \   000006AE   0x7048             STRB     R0,[R1, #+1]
    318           }
   \   000006B0   0x....             LDR.N    R0,??DataTable3_3
   \   000006B2   0x6800             LDR      R0,[R0, #+0]
   \   000006B4   0x1E40             SUBS     R0,R0,#+1
   \   000006B6   0x....             LDR.N    R1,??DataTable3_3
   \   000006B8   0x6008             STR      R0,[R1, #+0]
   \                     ??Dev_calH_27: (+1)
   \   000006BA   0x....             LDR.N    R0,??DataTable3_3
   \   000006BC   0x6800             LDR      R0,[R0, #+0]
   \   000006BE   0x2800             CMP      R0,#+0
   \   000006C0   0xD5ED             BPL.N    ??Dev_calH_28
    319           
    320           LGrayMaxH=GrayMaxH-5;
   \   000006C2   0x....             LDR.N    R0,??DataTable3_7
   \   000006C4   0x6800             LDR      R0,[R0, #+0]
   \   000006C6   0x1F40             SUBS     R0,R0,#+5
   \   000006C8   0x....             LDR.N    R1,??DataTable3_18
   \   000006CA   0x6008             STR      R0,[R1, #+0]
    321           
    322           
    323           if(LGrayMaxH<200)
   \   000006CC   0x....             LDR.N    R0,??DataTable3_18
   \   000006CE   0x6800             LDR      R0,[R0, #+0]
   \   000006D0   0x28C8             CMP      R0,#+200
   \   000006D2   0xDA02             BGE.N    ??Dev_calH_29
    324            LGrayMaxH=200;  
   \   000006D4   0x20C8             MOVS     R0,#+200
   \   000006D6   0x....             LDR.N    R1,??DataTable3_18
   \   000006D8   0x6008             STR      R0,[R1, #+0]
    325           
    326          }  
   \                     ??Dev_calH_29: (+1)
   \   000006DA   0x4770             BX       LR               ;; return
    327          
    328          
    329          
    330          

   \                                 In section .data, align 4
    331          byte save_midlineH[10]={63,63,63,63,63,63,63,63,63,63};
   \                     save_midlineH:
   \   00000000   0x3F 0x3F          DC8 63, 63, 63, 63, 63, 63, 63, 63, 63, 63, 0, 0
   \              0x3F 0x3F    
   \              0x3F 0x3F    
   \              0x3F 0x3F    
   \              0x3F 0x3F    
   \              0x00 0x00    
    332          
    333          
    334          
    335          

   \                                 In section .text, align 2, keep-with-next
    336          void  ControlH()
    337          {
    338           
    339           
    340           if(L_edgeFlagH[0]+R_edgeFlagH[0]==2)
   \                     ControlH: (+1)
   \   00000000   0x....             LDR.N    R0,??DataTable3_9
   \   00000002   0x7800             LDRB     R0,[R0, #+0]
   \   00000004   0x....             LDR.N    R1,??DataTable3_14
   \   00000006   0x7809             LDRB     R1,[R1, #+0]
   \   00000008   0x1808             ADDS     R0,R1,R0
   \   0000000A   0x2802             CMP      R0,#+2
   \   0000000C   0xD109             BNE.N    ??ControlH_0
    341           {         
    342            midlineH = (LedgeH[1] + RedgeH[1])/2;
   \   0000000E   0x....             LDR.N    R0,??DataTable3_13
   \   00000010   0x6840             LDR      R0,[R0, #+4]
   \   00000012   0x....             LDR.N    R1,??DataTable3_16
   \   00000014   0x6849             LDR      R1,[R1, #+4]
   \   00000016   0x1808             ADDS     R0,R1,R0
   \   00000018   0x2102             MOVS     R1,#+2
   \   0000001A   0xFB90 0xF0F1      SDIV     R0,R0,R1
   \   0000001E   0x....             LDR.N    R1,??DataTable3_10
   \   00000020   0x6008             STR      R0,[R1, #+0]
    343           }           
    344           if((L_edgeFlagH[0]==0)&&(R_edgeFlagH[0]==1))
   \                     ??ControlH_0: (+1)
   \   00000022   0x....             LDR.N    R0,??DataTable3_9
   \   00000024   0x7800             LDRB     R0,[R0, #+0]
   \   00000026   0x2800             CMP      R0,#+0
   \   00000028   0xD10D             BNE.N    ??ControlH_1
   \   0000002A   0x....             LDR.N    R0,??DataTable3_14
   \   0000002C   0x7800             LDRB     R0,[R0, #+0]
   \   0000002E   0x2801             CMP      R0,#+1
   \   00000030   0xD109             BNE.N    ??ControlH_1
    345           {        
    346            midlineH = RedgeH[1]-len_showH[2]/2;         
   \   00000032   0x....             LDR.N    R0,??DataTable3_16
   \   00000034   0x6840             LDR      R0,[R0, #+4]
   \   00000036   0x....             LDR.N    R1,??DataTable3_17
   \   00000038   0x7889             LDRB     R1,[R1, #+2]
   \   0000003A   0x2202             MOVS     R2,#+2
   \   0000003C   0xFB91 0xF1F2      SDIV     R1,R1,R2
   \   00000040   0x1A40             SUBS     R0,R0,R1
   \   00000042   0x....             LDR.N    R1,??DataTable3_10
   \   00000044   0x6008             STR      R0,[R1, #+0]
    347           }    
    348           if((R_edgeFlagH[0]==0)&&(L_edgeFlagH[0]==1))
   \                     ??ControlH_1: (+1)
   \   00000046   0x....             LDR.N    R0,??DataTable3_14
   \   00000048   0x7800             LDRB     R0,[R0, #+0]
   \   0000004A   0x2800             CMP      R0,#+0
   \   0000004C   0xD10D             BNE.N    ??ControlH_2
   \   0000004E   0x....             LDR.N    R0,??DataTable3_9
   \   00000050   0x7800             LDRB     R0,[R0, #+0]
   \   00000052   0x2801             CMP      R0,#+1
   \   00000054   0xD109             BNE.N    ??ControlH_2
    349           {        
    350            midlineH = LedgeH[1]+len_showH[2]/2;  
   \   00000056   0x....             LDR.N    R0,??DataTable3_13
   \   00000058   0x6840             LDR      R0,[R0, #+4]
   \   0000005A   0x....             LDR.N    R1,??DataTable3_17
   \   0000005C   0x7889             LDRB     R1,[R1, #+2]
   \   0000005E   0x2202             MOVS     R2,#+2
   \   00000060   0xFB91 0xF1F2      SDIV     R1,R1,R2
   \   00000064   0x1808             ADDS     R0,R1,R0
   \   00000066   0x....             LDR.N    R1,??DataTable3_10
   \   00000068   0x6008             STR      R0,[R1, #+0]
    351           }     
    352           if((R_edgeFlagH[0]==0)&&(L_edgeFlagH[0]==0))
   \                     ??ControlH_2: (+1)
   \   0000006A   0x....             LDR.N    R0,??DataTable3_14
   \   0000006C   0x7800             LDRB     R0,[R0, #+0]
   \   0000006E   0x2800             CMP      R0,#+0
   \   00000070   0xD107             BNE.N    ??ControlH_3
   \   00000072   0x....             LDR.N    R0,??DataTable3_9
   \   00000074   0x7800             LDRB     R0,[R0, #+0]
   \   00000076   0x2800             CMP      R0,#+0
   \   00000078   0xD103             BNE.N    ??ControlH_3
    353           {          
    354            midlineH = (int)(save_midlineH[1]); 
   \   0000007A   0x....             LDR.N    R0,??DataTable3_19
   \   0000007C   0x7840             LDRB     R0,[R0, #+1]
   \   0000007E   0x....             LDR.N    R1,??DataTable3_10
   \   00000080   0x6008             STR      R0,[R1, #+0]
    355            
    356           }
    357           
    358           
    359           if(midlineH<15)
   \                     ??ControlH_3: (+1)
   \   00000082   0x....             LDR.N    R0,??DataTable3_10
   \   00000084   0x6800             LDR      R0,[R0, #+0]
   \   00000086   0x280F             CMP      R0,#+15
   \   00000088   0xDA02             BGE.N    ??ControlH_4
    360           {
    361            midlineH=15;
   \   0000008A   0x200F             MOVS     R0,#+15
   \   0000008C   0x....             LDR.N    R1,??DataTable3_10
   \   0000008E   0x6008             STR      R0,[R1, #+0]
    362           }
    363           if(midlineH>112)
   \                     ??ControlH_4: (+1)
   \   00000090   0x....             LDR.N    R0,??DataTable3_10
   \   00000092   0x6800             LDR      R0,[R0, #+0]
   \   00000094   0x2871             CMP      R0,#+113
   \   00000096   0xDB02             BLT.N    ??ControlH_5
    364           {
    365            midlineH=112;
   \   00000098   0x2070             MOVS     R0,#+112
   \   0000009A   0x....             LDR.N    R1,??DataTable3_10
   \   0000009C   0x6008             STR      R0,[R1, #+0]
    366           }        
    367           
    368           
    369           for(jH=7;jH>=0;jH--)  
   \                     ??ControlH_5: (+1)
   \   0000009E   0x2007             MOVS     R0,#+7
   \   000000A0   0x....             LDR.N    R1,??DataTable3_3
   \   000000A2   0x6008             STR      R0,[R1, #+0]
   \   000000A4   0xE00D             B.N      ??ControlH_6
    370           { 
    371            save_midlineH[jH+1]=save_midlineH[jH];
   \                     ??ControlH_7: (+1)
   \   000000A6   0x....             LDR.N    R0,??DataTable3_19
   \   000000A8   0x....             LDR.N    R1,??DataTable3_3
   \   000000AA   0x6809             LDR      R1,[R1, #+0]
   \   000000AC   0x5C08             LDRB     R0,[R1, R0]
   \   000000AE   0x....             LDR.N    R1,??DataTable3_19
   \   000000B0   0x....             LDR.N    R2,??DataTable3_3
   \   000000B2   0x6812             LDR      R2,[R2, #+0]
   \   000000B4   0x1851             ADDS     R1,R2,R1
   \   000000B6   0x7048             STRB     R0,[R1, #+1]
    372           }                
   \   000000B8   0x....             LDR.N    R0,??DataTable3_3
   \   000000BA   0x6800             LDR      R0,[R0, #+0]
   \   000000BC   0x1E40             SUBS     R0,R0,#+1
   \   000000BE   0x....             LDR.N    R1,??DataTable3_3
   \   000000C0   0x6008             STR      R0,[R1, #+0]
   \                     ??ControlH_6: (+1)
   \   000000C2   0x....             LDR.N    R0,??DataTable3_3
   \   000000C4   0x6800             LDR      R0,[R0, #+0]
   \   000000C6   0x2800             CMP      R0,#+0
   \   000000C8   0xD5ED             BPL.N    ??ControlH_7
    373           save_midlineH[0]=midlineH; 
   \   000000CA   0x....             LDR.N    R0,??DataTable3_10
   \   000000CC   0x6800             LDR      R0,[R0, #+0]
   \   000000CE   0x....             LDR.N    R1,??DataTable3_19
   \   000000D0   0x7008             STRB     R0,[R1, #+0]
    374           
    375           
    376           
    377           
    378          }
   \   000000D2   0x4770             BX       LR               ;; return

   \                                 In section .text, align 4, keep-with-next
   \                     ??DataTable3:
   \   00000000   0x400FF080         DC32     0x400ff080

   \                                 In section .text, align 4, keep-with-next
   \                     ??DataTable3_1:
   \   00000000   0x........         DC32     fH

   \                                 In section .text, align 4, keep-with-next
   \                     ??DataTable3_2:
   \   00000000   0x........         DC32     Add_thresholdH

   \                                 In section .text, align 4, keep-with-next
   \                     ??DataTable3_3:
   \   00000000   0x........         DC32     jH

   \                                 In section .text, align 4, keep-with-next
   \                     ??DataTable3_4:
   \   00000000   0x........         DC32     ADVH

   \                                 In section .text, align 4, keep-with-next
   \                     ??DataTable3_5:
   \   00000000   0x........         DC32     thresholdH

   \                                 In section .text, align 4, keep-with-next
   \                     ??DataTable3_6:
   \   00000000   0x........         DC32     GrayMinH

   \                                 In section .text, align 4, keep-with-next
   \                     ??DataTable3_7:
   \   00000000   0x........         DC32     GrayMaxH

   \                                 In section .text, align 4, keep-with-next
   \                     ??DataTable3_8:
   \   00000000   0x........         DC32     iH

   \                                 In section .text, align 4, keep-with-next
   \                     ??DataTable3_9:
   \   00000000   0x........         DC32     L_edgeFlagH

   \                                 In section .text, align 4, keep-with-next
   \                     ??DataTable3_10:
   \   00000000   0x........         DC32     midlineH

   \                                 In section .text, align 4, keep-with-next
   \                     ??DataTable3_11:
   \   00000000   0x........         DC32     yanLLH

   \                                 In section .text, align 4, keep-with-next
   \                     ??DataTable3_12:
   \   00000000   0x........         DC32     Ka

   \                                 In section .text, align 4, keep-with-next
   \                     ??DataTable3_13:
   \   00000000   0x........         DC32     LedgeH

   \                                 In section .text, align 4, keep-with-next
   \                     ??DataTable3_14:
   \   00000000   0x........         DC32     R_edgeFlagH

   \                                 In section .text, align 4, keep-with-next
   \                     ??DataTable3_15:
   \   00000000   0x........         DC32     yanRRH

   \                                 In section .text, align 4, keep-with-next
   \                     ??DataTable3_16:
   \   00000000   0x........         DC32     RedgeH

   \                                 In section .text, align 4, keep-with-next
   \                     ??DataTable3_17:
   \   00000000   0x........         DC32     len_showH

   \                                 In section .text, align 4, keep-with-next
   \                     ??DataTable3_18:
   \   00000000   0x........         DC32     LGrayMaxH

   \                                 In section .text, align 4, keep-with-next
   \                     ??DataTable3_19:
   \   00000000   0x........         DC32     save_midlineH

   Maximum stack usage in bytes:

   .cstack Function
   ------- --------
       0   ControlH
       0   Dev_calH
      16   TSL1401_GetLine_OneshotH
        16   -> ad_once
        16   -> delay
       8   firstshotH
         8   -> delay


   Section sizes:

   Bytes  Function/Label
   -----  --------------
       4  ??DataTable3
       4  ??DataTable3_1
       4  ??DataTable3_10
       4  ??DataTable3_11
       4  ??DataTable3_12
       4  ??DataTable3_13
       4  ??DataTable3_14
       4  ??DataTable3_15
       4  ??DataTable3_16
       4  ??DataTable3_17
       4  ??DataTable3_18
       4  ??DataTable3_19
       4  ??DataTable3_2
       4  ??DataTable3_3
       4  ??DataTable3_4
       4  ??DataTable3_5
       4  ??DataTable3_6
       4  ??DataTable3_7
       4  ??DataTable3_8
       4  ??DataTable3_9
     128  ADVH
     128  AVH
       4  Add_thresholdH
     212  ControlH
     128  DVH
    1756  Dev_calH
       4  GrayMaxH
       4  GrayMinH
       4  LGrayMaxH
      32  L_edgeFlagH
     120  LedgeH
      32  R_edgeFlagH
     120  RedgeH
     232  TSL1401_GetLine_OneshotH
       4  fH
     126  firstshotH
       4  iH
       4  jH
      12  len_showH
      12  save_midlineH
       4  thresholdH
       4  yanLLH
       4  yanRRH

 
   424 bytes in section .bss
   328 bytes in section .data
 2 406 bytes in section .text
 
 2 406 bytes of CODE memory
   752 bytes of DATA memory

Errors: none
Warnings: 8
