###############################################################################
#                                                                             #
# IAR ANSI C/C++ Compiler V6.30.1.53127/W32 for ARM     11/Nov/2014  15:11:41 #
# Copyright 1999-2011 IAR Systems AB.                                         #
#                                                                             #
#    Cpu mode     =  thumb                                                    #
#    Endian       =  little                                                   #
#    Source file  =  C:\Users\Administrator\Desktop\hujianjun\EWFEE1.tmp.c    #
#    Command line =  C:\Users\Administrator\Desktop\hujianjun\EWFEE1.tmp.c    #
#                    -D DEBUG -lCN C:\Users\Administrator\Desktop\hujianjun\D #
#                    ebug\List\ -lB C:\Users\Administrator\Desktop\hujianjun\ #
#                    Debug\List\ -o C:\Users\Administrator\Desktop\hujianjun\ #
#                    Debug\Obj\ --no_cse --no_unroll --no_inline              #
#                    --no_code_motion --no_tbaa --no_clustering               #
#                    --no_scheduling --debug --endian=little --cpu=Cortex-M4  #
#                    -e --fpu=None --dlib_config "C:\Program Files (x86)\IAR  #
#                    Systems\Embedded Workbench 6.0\arm\INC\c\DLib_Config_Nor #
#                    mal.h" -Ol --use_c++_inline --predef_macros              #
#                    C:\Users\Administrator\Desktop\hujianjun\EWFEE0.tmp      #
#    List file    =  C:\Users\Administrator\Desktop\hujianjun\Debug\List\EWFE #
#                    E1.tmp.lst                                               #
#    Object file  =  C:\Users\Administrator\Desktop\hujianjun\Debug\Obj\EWFEE #
#                    1.tmp.o                                                  #
#                                                                             #
#                                                                             #
###############################################################################



 

 


Errors: none
Warnings: none
