###############################################################################
#                                                                             #
# IAR ANSI C/C++ Compiler V6.30.1.53127/W32 for ARM     13/Mar/2015  12:44:20 #
# Copyright 1999-2011 IAR Systems AB.                                         #
#                                                                             #
#    Cpu mode     =  thumb                                                    #
#    Endian       =  little                                                   #
#    Source file  =  C:\Users\Administrator\Desktop\3.11换结构BLOCK nd        #
#                    black\common\LCD_5110.c                                  #
#    Command line =  "C:\Users\Administrator\Desktop\3.11换结构BLOCK nd       #
#                    black\common\LCD_5110.c" -D DEBUG -lCN                   #
#                    "C:\Users\Administrator\Desktop\3.11换结构BLOCK nd       #
#                    black\Debug\List\" -lB "C:\Users\Administrator\Desktop\3 #
#                    .11换结构BLOCK nd  black\Debug\List\" -o                 #
#                    "C:\Users\Administrator\Desktop\3.11换结构BLOCK nd       #
#                    black\Debug\Obj\" --no_cse --no_unroll --no_inline       #
#                    --no_code_motion --no_tbaa --no_clustering               #
#                    --no_scheduling --debug --endian=little --cpu=Cortex-M4  #
#                    -e --fpu=None --dlib_config "C:\Program Files (x86)\IAR  #
#                    Systems\Embedded Workbench 6.0\arm\INC\c\DLib_Config_Nor #
#                    mal.h" -Ol --use_c++_inline                              #
#    List file    =  C:\Users\Administrator\Desktop\3.11换结构BLOCK nd        #
#                    black\Debug\List\LCD_5110.lst                            #
#    Object file  =  C:\Users\Administrator\Desktop\3.11换结构BLOCK nd        #
#                    black\Debug\Obj\LCD_5110.o                               #
#                                                                             #
#                                                                             #
###############################################################################

C:\Users\Administrator\Desktop\3.11换结构BLOCK nd  black\common\LCD_5110.c
      1          //#include "..\K60_datatype.h"
      2          #include "LCD_5110.h"
      3          #include "WordLib.h"

   \                                 In section .rodata, align 4
   \   __absolute struct typHZ_GB12 const GB_12[13]
   \                     GB_12:
   \   00000000   0xC7 0xB0          DC8 0C7H, 0B0H
   \   00000002   0x04 0xF4          DC8 4, 244, 84, 85, 86, 244, 4, 246, 5, 4, 246, 4, 0, 15, 1, 1, 9, 15
   \              0x54 0x55    
   \              0x56 0xF4    
   \              0x04 0xF6    
   \              0x05 0x04    
   \              0xF6 0x04    
   \              0x00 0x0F    
   \              0x01 0x01    
   \              0x09 0x0F    
   \   00000014   0x00 0x03          DC8 0, 3, 4, 8, 7, 0
   \              0x04 0x08    
   \              0x07 0x00    
   \   0000001A   0xBD 0xF8          DC8 0BDH, 0F8H
   \   0000001C   0x20 0x22          DC8 32, 34, 228, 0, 68, 68, 255, 68, 68, 255, 68, 68, 8, 4, 3, 4, 10, 9
   \              0xE4 0x00    
   \              0x44 0x44    
   \              0xFF 0x44    
   \              0x44 0xFF    
   \              0x44 0x44    
   \              0x08 0x04    
   \              0x03 0x04    
   \              0x0A 0x09    
   \   0000002E   0x08 0x08          DC8 8, 8, 8, 11, 8, 8
   \              0x08 0x0B    
   \              0x08 0x08    
   \   00000034   0xD7 0xF3          DC8 0D7H, 0F3H
   \   00000036   0x04 0x04          DC8 4, 4, 132, 100, 92, 71, 68, 196, 68, 100, 70, 4, 2, 9, 8, 8, 8, 8
   \              0x84 0x64    
   \              0x5C 0x47    
   \              0x44 0xC4    
   \              0x44 0x64    
   \              0x46 0x04    
   \              0x02 0x09    
   \              0x08 0x08    
   \              0x08 0x08    
   \   00000048   0x08 0x0F          DC8 8, 15, 8, 8, 12, 8
   \              0x08 0x08    
   \              0x0C 0x08    
   \   0000004E   0xD7 0xAA          DC8 0D7H, 0AAH
   \   00000050   0x24 0x3C          DC8 36, 60, 39, 244, 160, 20, 84, 124, 87, 84, 212, 16, 2, 3, 1, 15, 0
   \              0x27 0xF4    
   \              0xA0 0x14    
   \              0x54 0x7C    
   \              0x57 0x54    
   \              0xD4 0x10    
   \              0x02 0x03    
   \              0x01 0x0F    
   \              0x00         
   \   00000061   0x00 0x02          DC8 0, 2, 2, 6, 13, 0, 0
   \              0x02 0x06    
   \              0x0D 0x00    
   \              0x00         
   \   00000068   0xD3 0xD2          DC8 0D3H, 0D2H
   \   0000006A   0x04 0x84          DC8 4, 132, 68, 228, 92, 71, 68, 68, 68, 228, 70, 4, 1, 0, 0, 15, 4, 4
   \              0x44 0xE4    
   \              0x5C 0x47    
   \              0x44 0x44    
   \              0x44 0xE4    
   \              0x46 0x04    
   \              0x01 0x00    
   \              0x00 0x0F    
   \              0x04 0x04    
   \   0000007C   0x04 0x04          DC8 4, 4, 4, 15, 0, 0
   \              0x04 0x0F    
   \              0x00 0x00    
   \   00000082   0xB1 0xA3          DC8 0B1H, 0A3H
   \   00000084   0x20 0x10          DC8 32, 16, 252, 67, 64, 94, 210, 242, 82, 95, 66, 64, 0, 0, 15, 4, 2
   \              0xFC 0x43    
   \              0x40 0x5E    
   \              0xD2 0xF2    
   \              0x52 0x5F    
   \              0x42 0x40    
   \              0x00 0x00    
   \              0x0F 0x04    
   \              0x02         
   \   00000095   0x01 0x00          DC8 1, 0, 15, 1, 2, 4, 4
   \              0x0F 0x01    
   \              0x02 0x04    
   \              0x04         
   \   0000009C   0xB3 0xD6          DC8 0B3H, 0D6H
   \   0000009E   0x44 0x44          DC8 68, 68, 255, 36, 80, 84, 84, 95, 84, 246, 84, 80, 4, 8, 15, 0, 0, 1
   \              0xFF 0x24    
   \              0x50 0x54    
   \              0x54 0x5F    
   \              0x54 0xF6    
   \              0x54 0x50    
   \              0x04 0x08    
   \              0x0F 0x00    
   \              0x00 0x01    
   \   000000B0   0x02 0x08          DC8 2, 8, 8, 15, 0, 0
   \              0x08 0x0F    
   \              0x00 0x00    
   \   000000B6   0xB3 0xB5          DC8 0B3H, 0B5H
   \   000000B8   0x02 0x02          DC8 2, 2, 34, 58, 38, 35, 250, 34, 50, 34, 131, 2, 1, 1, 1, 1, 1, 1, 15
   \              0x22 0x3A    
   \              0x26 0x23    
   \              0xFA 0x22    
   \              0x32 0x22    
   \              0x83 0x02    
   \              0x01 0x01    
   \              0x01 0x01    
   \              0x01 0x01    
   \              0x0F         
   \   000000CB   0x01 0x01          DC8 1, 1, 1, 1, 1
   \              0x01 0x01    
   \              0x01         
   \   000000D0   0xBE 0xE0          DC8 0BEH, 0E0H
   \   000000D2   0x00 0xDE          DC8 0, 222, 18, 242, 94, 0, 254, 146, 146, 146, 243, 2, 4, 7, 4, 3, 2
   \              0x12 0xF2    
   \              0x5E 0x00    
   \              0xFE 0x92    
   \              0x92 0x92    
   \              0xF3 0x02    
   \              0x04 0x07    
   \              0x04 0x03    
   \              0x02         
   \   000000E3   0x04 0x0F          DC8 4, 15, 4, 4, 4, 6, 4
   \              0x04 0x04    
   \              0x04 0x06    
   \              0x04         
   \   000000EA   0xCE 0xE5          DC8 0CEH, 0E5H
   \   000000EC   0x00 0x00          DC8 0, 0, 62, 34, 34, 34, 34, 34, 34, 194, 0, 0, 0, 0, 4, 8, 8, 8, 8, 8
   \              0x3E 0x22    
   \              0x22 0x22    
   \              0x22 0x22    
   \              0x22 0xC2    
   \              0x00 0x00    
   \              0x00 0x00    
   \              0x04 0x08    
   \              0x08 0x08    
   \              0x08 0x08    
   \   00000100   0x04 0x03          DC8 4, 3, 0, 0
   \              0x00 0x00    
   \   00000104   0xC1 0xE3          DC8 0C1H, 0E3H
   \   00000106   0x00 0xF8          DC8 0, 248, 4, 130, 66, 34, 18, 4, 248, 0, 0, 0, 0, 3, 4, 8, 8, 8, 8, 4
   \              0x04 0x82    
   \              0x42 0x22    
   \              0x12 0x04    
   \              0xF8 0x00    
   \              0x00 0x00    
   \              0x00 0x03    
   \              0x04 0x08    
   \              0x08 0x08    
   \              0x08 0x04    
   \   0000011A   0x03 0x00          DC8 3, 0, 0, 0
   \              0x00 0x00    
   \   0000011E   0xC0 0xE5          DC8 0C0H, 0E5H
   \   00000120   0x00 0x00          DC8 0, 0, 254, 2, 250, 170, 170, 250, 170, 170, 251, 2, 4, 3, 8, 10, 10
   \              0xFE 0x02    
   \              0xFA 0xAA    
   \              0xAA 0xFA    
   \              0xAA 0xAA    
   \              0xFB 0x02    
   \              0x04 0x03    
   \              0x08 0x0A    
   \              0x0A         
   \   00000131   0x0A 0x0A          DC8 10, 10, 15, 10, 10, 10, 8
   \              0x0F 0x0A    
   \              0x0A 0x0A    
   \              0x08         
   \   00000138   0xC3 0xD7          DC8 0C3H, 0D7H
   \   0000013A   0x00 0x10          DC8 0, 16, 18, 156, 112, 16, 255, 88, 148, 18, 24, 16, 4, 2, 1, 0, 0, 0
   \              0x12 0x9C    
   \              0x70 0x10    
   \              0xFF 0x58    
   \              0x94 0x12    
   \              0x18 0x10    
   \              0x04 0x02    
   \              0x01 0x00    
   \              0x00 0x00    
   \   0000014C   0x0F 0x00          DC8 15, 0, 0, 1, 2, 2, 0, 0
   \              0x00 0x01    
   \              0x02 0x02    
   \              0x00 0x00    

   \                                 In section .data, align 4
   \   __absolute uint8 font6x8[92][6]
   \                     font6x8:
   \   00000000   0x00 0x00          DC8 0, 0, 0, 0, 0, 0, 0, 0, 0, 47, 0, 0, 0, 0, 7, 0, 7, 0, 0, 20, 127
   \              0x00 0x00    
   \              0x00 0x00    
   \              0x00 0x00    
   \              0x00 0x2F    
   \              0x00 0x00    
   \              0x00 0x00    
   \              0x07 0x00    
   \              0x07 0x00    
   \              0x00 0x14    
   \              0x7F         
   \   00000015   0x14 0x7F          DC8 20, 127, 20, 0, 36, 42, 127, 42, 18, 0, 98, 100, 8, 19, 35, 0, 54
   \              0x14 0x00    
   \              0x24 0x2A    
   \              0x7F 0x2A    
   \              0x12 0x00    
   \              0x62 0x64    
   \              0x08 0x13    
   \              0x23 0x00    
   \              0x36         
   \   00000026   0x49 0x55          DC8 73, 85, 34, 80, 0, 0, 5, 3, 0, 0, 0, 0, 28, 34, 65, 0, 0, 0, 65, 34
   \              0x22 0x50    
   \              0x00 0x00    
   \              0x05 0x03    
   \              0x00 0x00    
   \              0x00 0x00    
   \              0x1C 0x22    
   \              0x41 0x00    
   \              0x00 0x00    
   \              0x41 0x22    
   \   0000003A   0x1C 0x00          DC8 28, 0, 0, 20, 8, 62, 8, 20, 0, 8, 8, 62, 8, 8, 0, 0, 0, 160, 96, 0
   \              0x00 0x14    
   \              0x08 0x3E    
   \              0x08 0x14    
   \              0x00 0x08    
   \              0x08 0x3E    
   \              0x08 0x08    
   \              0x00 0x00    
   \              0x00 0xA0    
   \              0x60 0x00    
   \   0000004E   0x00 0x08          DC8 0, 8, 8, 8, 8, 8, 0, 0, 96, 96, 0, 0, 0, 32, 16, 8, 4, 2, 0, 62, 81
   \              0x08 0x08    
   \              0x08 0x08    
   \              0x00 0x00    
   \              0x60 0x60    
   \              0x00 0x00    
   \              0x00 0x20    
   \              0x10 0x08    
   \              0x04 0x02    
   \              0x00 0x3E    
   \              0x51         
   \   00000063   0x49 0x45          DC8 73, 69, 62, 0, 0, 66, 127, 64, 0, 0, 66, 97, 81, 73, 70, 0, 33, 65
   \              0x3E 0x00    
   \              0x00 0x42    
   \              0x7F 0x40    
   \              0x00 0x00    
   \              0x42 0x61    
   \              0x51 0x49    
   \              0x46 0x00    
   \              0x21 0x41    
   \   00000075   0x45 0x4B          DC8 69, 75, 49, 0, 24, 20, 18, 127, 16, 0, 39, 69, 69, 69, 57, 0, 60
   \              0x31 0x00    
   \              0x18 0x14    
   \              0x12 0x7F    
   \              0x10 0x00    
   \              0x27 0x45    
   \              0x45 0x45    
   \              0x39 0x00    
   \              0x3C         
   \   00000086   0x4A 0x49          DC8 74, 73, 73, 48, 0, 1, 113, 9, 5, 3, 0, 54, 73, 73, 73, 54, 0, 6, 73
   \              0x49 0x30    
   \              0x00 0x01    
   \              0x71 0x09    
   \              0x05 0x03    
   \              0x00 0x36    
   \              0x49 0x49    
   \              0x49 0x36    
   \              0x00 0x06    
   \              0x49         
   \   00000099   0x49 0x29          DC8 73, 41, 30, 0, 0, 54, 54, 0, 0, 0, 0, 86, 54, 0, 0, 0, 8, 20, 34
   \              0x1E 0x00    
   \              0x00 0x36    
   \              0x36 0x00    
   \              0x00 0x00    
   \              0x00 0x56    
   \              0x36 0x00    
   \              0x00 0x00    
   \              0x08 0x14    
   \              0x22         
   \   000000AC   0x41 0x00          DC8 65, 0, 0, 20, 20, 20, 20, 20, 0, 0, 65, 34, 20, 8, 0, 2, 1, 81, 9
   \              0x00 0x14    
   \              0x14 0x14    
   \              0x14 0x14    
   \              0x00 0x00    
   \              0x41 0x22    
   \              0x14 0x08    
   \              0x00 0x02    
   \              0x01 0x51    
   \              0x09         
   \   000000BF   0x06 0x00          DC8 6, 0, 50, 73, 89, 81, 62, 0, 124, 18, 17, 18, 124, 0, 127, 73, 73
   \              0x32 0x49    
   \              0x59 0x51    
   \              0x3E 0x00    
   \              0x7C 0x12    
   \              0x11 0x12    
   \              0x7C 0x00    
   \              0x7F 0x49    
   \              0x49         
   \   000000D0   0x49 0x36          DC8 73, 54, 0, 62, 65, 65, 65, 34, 0, 127, 65, 65, 34, 28, 0, 127, 73
   \              0x00 0x3E    
   \              0x41 0x41    
   \              0x41 0x22    
   \              0x00 0x7F    
   \              0x41 0x41    
   \              0x22 0x1C    
   \              0x00 0x7F    
   \              0x49         
   \   000000E1   0x49 0x49          DC8 73, 73, 65, 0, 127, 9, 9, 9, 1, 0, 62, 65, 73, 73, 122, 0, 127, 8
   \              0x41 0x00    
   \              0x7F 0x09    
   \              0x09 0x09    
   \              0x01 0x00    
   \              0x3E 0x41    
   \              0x49 0x49    
   \              0x7A 0x00    
   \              0x7F 0x08    
   \   000000F3   0x08 0x08          DC8 8, 8, 127, 0, 0, 65, 127, 65, 0, 0, 32, 64, 65, 63, 1, 0, 127, 8
   \              0x7F 0x00    
   \              0x00 0x41    
   \              0x7F 0x41    
   \              0x00 0x00    
   \              0x20 0x40    
   \              0x41 0x3F    
   \              0x01 0x00    
   \              0x7F 0x08    
   \   00000105   0x14 0x22          DC8 20, 34, 65, 0, 127, 64, 64, 64, 64, 0, 127, 2, 12, 2, 127, 0, 127
   \              0x41 0x00    
   \              0x7F 0x40    
   \              0x40 0x40    
   \              0x40 0x00    
   \              0x7F 0x02    
   \              0x0C 0x02    
   \              0x7F 0x00    
   \              0x7F         
   \   00000116   0x04 0x08          DC8 4, 8, 16, 127, 0, 62, 65, 65, 65, 62, 0, 127, 9, 9, 9, 6, 0, 62, 65
   \              0x10 0x7F    
   \              0x00 0x3E    
   \              0x41 0x41    
   \              0x41 0x3E    
   \              0x00 0x7F    
   \              0x09 0x09    
   \              0x09 0x06    
   \              0x00 0x3E    
   \              0x41         
   \   00000129   0x51 0x21          DC8 81, 33, 94, 0, 127, 9, 25, 41, 70, 0, 70, 73, 73, 73, 49, 0, 1, 1
   \              0x5E 0x00    
   \              0x7F 0x09    
   \              0x19 0x29    
   \              0x46 0x00    
   \              0x46 0x49    
   \              0x49 0x49    
   \              0x31 0x00    
   \              0x01 0x01    
   \   0000013B   0x7F 0x01          DC8 127, 1, 1, 0, 63, 64, 64, 64, 63, 0, 31, 32, 64, 32, 31, 0, 63, 64
   \              0x01 0x00    
   \              0x3F 0x40    
   \              0x40 0x40    
   \              0x3F 0x00    
   \              0x1F 0x20    
   \              0x40 0x20    
   \              0x1F 0x00    
   \              0x3F 0x40    
   \   0000014D   0x38 0x40          DC8 56, 64, 63, 0, 99, 20, 8, 20, 99, 0, 7, 8, 112, 8, 7, 0, 97, 81, 73
   \              0x3F 0x00    
   \              0x63 0x14    
   \              0x08 0x14    
   \              0x63 0x00    
   \              0x07 0x08    
   \              0x70 0x08    
   \              0x07 0x00    
   \              0x61 0x51    
   \              0x49         
   \   00000160   0x45 0x43          DC8 69, 67, 0, 0, 127, 65, 65, 0, 0, 85, 42, 85, 42, 85, 0, 0, 65, 65
   \              0x00 0x00    
   \              0x7F 0x41    
   \              0x41 0x00    
   \              0x00 0x55    
   \              0x2A 0x55    
   \              0x2A 0x55    
   \              0x00 0x00    
   \              0x41 0x41    
   \   00000172   0x7F 0x00          DC8 127, 0, 0, 4, 2, 1, 2, 4, 0, 64, 64, 64, 64, 64, 0, 0, 1, 2, 4, 0
   \              0x00 0x04    
   \              0x02 0x01    
   \              0x02 0x04    
   \              0x00 0x40    
   \              0x40 0x40    
   \              0x40 0x40    
   \              0x00 0x00    
   \              0x01 0x02    
   \              0x04 0x00    
   \   00000186   0x00 0x20          DC8 0, 32, 84, 84, 84, 120, 0, 127, 72, 68, 68, 56, 0, 56, 68, 68, 68
   \              0x54 0x54    
   \              0x54 0x78    
   \              0x00 0x7F    
   \              0x48 0x44    
   \              0x44 0x38    
   \              0x00 0x38    
   \              0x44 0x44    
   \              0x44         
   \   00000197   0x20 0x00          DC8 32, 0, 56, 68, 68, 72, 127, 0, 56, 84, 84, 84, 24, 0, 8, 126, 9, 1
   \              0x38 0x44    
   \              0x44 0x48    
   \              0x7F 0x00    
   \              0x38 0x54    
   \              0x54 0x54    
   \              0x18 0x00    
   \              0x08 0x7E    
   \              0x09 0x01    
   \   000001A9   0x02 0x00          DC8 2, 0, 24, 164, 164, 164, 124, 0, 127, 8, 4, 4, 120, 0, 0, 68, 125
   \              0x18 0xA4    
   \              0xA4 0xA4    
   \              0x7C 0x00    
   \              0x7F 0x08    
   \              0x04 0x04    
   \              0x78 0x00    
   \              0x00 0x44    
   \              0x7D         
   \   000001BA   0x40 0x00          DC8 64, 0, 0, 64, 128, 132, 125, 0, 0, 127, 16, 40, 68, 0, 0, 0, 65
   \              0x00 0x40    
   \              0x80 0x84    
   \              0x7D 0x00    
   \              0x00 0x7F    
   \              0x10 0x28    
   \              0x44 0x00    
   \              0x00 0x00    
   \              0x41         
   \   000001CB   0x7F 0x40          DC8 127, 64, 0, 0, 124, 4, 24, 4, 120, 0, 124, 8, 4, 4, 120, 0, 56, 68
   \              0x00 0x00    
   \              0x7C 0x04    
   \              0x18 0x04    
   \              0x78 0x00    
   \              0x7C 0x08    
   \              0x04 0x04    
   \              0x78 0x00    
   \              0x38 0x44    
   \   000001DD   0x44 0x44          DC8 68, 68, 56, 0, 252, 36, 36, 36, 24, 0, 24, 36, 36, 24, 252, 0, 124
   \              0x38 0x00    
   \              0xFC 0x24    
   \              0x24 0x24    
   \              0x18 0x00    
   \              0x18 0x24    
   \              0x24 0x18    
   \              0xFC 0x00    
   \              0x7C         
   \   000001EE   0x08 0x04          DC8 8, 4, 4, 8, 0, 72, 84, 84, 84, 32, 0, 4, 63, 68, 64, 32, 0, 60, 64
   \              0x04 0x08    
   \              0x00 0x48    
   \              0x54 0x54    
   \              0x54 0x20    
   \              0x00 0x04    
   \              0x3F 0x44    
   \              0x40 0x20    
   \              0x00 0x3C    
   \              0x40         
   \   00000201   0x40 0x20          DC8 64, 32, 124, 0, 28, 32, 64, 32, 28, 0, 60, 64, 48, 64, 60, 0, 68
   \              0x7C 0x00    
   \              0x1C 0x20    
   \              0x40 0x20    
   \              0x1C 0x00    
   \              0x3C 0x40    
   \              0x30 0x40    
   \              0x3C 0x00    
   \              0x44         
   \   00000212   0x28 0x10          DC8 40, 16, 40, 68, 0, 28, 160, 160, 160, 124, 0, 68, 100, 84, 76, 68
   \              0x28 0x44    
   \              0x00 0x1C    
   \              0xA0 0xA0    
   \              0xA0 0x7C    
   \              0x00 0x44    
   \              0x64 0x54    
   \              0x4C 0x44    
   \   00000222   0x14 0x14          DC8 20, 20, 20, 20, 20, 20
   \              0x14 0x14    
   \              0x14 0x14    
      4          
      5          //#ifdef  __cplusplus
      6          //extern "C" {
      7          //#endif
      8            
      9            
     10          
     11          /*=============================内部函数声明===================================*/
     12          
     13          void LCD_write_byte(uint8, uint8);
     14          void LCD_set_XY(uint8 , uint8 );  
     15          void Delay_ms(uint16);
     16          void Delay_us(uint16);
     17          
     18          
     19          /*=============================外部函数实现===================================*/ 
     20            
     21            
     22          /**********************************************************************
     23          * 函数名称：5110液晶屏端口初始化
     24          * 函数功能：
     25          * 入口参数
     26          * 出口参数
     27          * 修改人  
     28          * 修改时间
     29          **********************************************************************/

   \                                 In section .text, align 2, keep-with-next
     30          void Nokia5110_IO_Init(void)
     31          {
   \                     Nokia5110_IO_Init:
   \   00000000   0xE92D 0x41F0      PUSH     {R4-R8,LR}
     32          //    SIM_SCGC5 = ( SIM_SCGC5_PORTA_MASK  //开端口时钟
     33          //                  | SIM_SCGC5_PORTB_MASK
     34          //                  | SIM_SCGC5_PORTC_MASK
     35          //                  | SIM_SCGC5_PORTD_MASK
     36          //                  | SIM_SCGC5_PORTE_MASK );
     37              (void)GPIO_Init(PORT_E,5,GPO,LVL_H);
   \   00000004   0x2301             MOVS     R3,#+1
   \   00000006   0x2201             MOVS     R2,#+1
   \   00000008   0x2105             MOVS     R1,#+5
   \   0000000A   0x2004             MOVS     R0,#+4
   \   0000000C   0x.... 0x....      BL       GPIO_Init
   \   00000010   0x0004             MOVS     R4,R0
     38              (void)GPIO_Init(PORT_E,0,GPO,LVL_H);
   \   00000012   0x2301             MOVS     R3,#+1
   \   00000014   0x2201             MOVS     R2,#+1
   \   00000016   0x2100             MOVS     R1,#+0
   \   00000018   0x2004             MOVS     R0,#+4
   \   0000001A   0x.... 0x....      BL       GPIO_Init
   \   0000001E   0x0005             MOVS     R5,R0
     39              (void)GPIO_Init(PORT_E,1,GPO,LVL_H);
   \   00000020   0x2301             MOVS     R3,#+1
   \   00000022   0x2201             MOVS     R2,#+1
   \   00000024   0x2101             MOVS     R1,#+1
   \   00000026   0x2004             MOVS     R0,#+4
   \   00000028   0x.... 0x....      BL       GPIO_Init
   \   0000002C   0x0006             MOVS     R6,R0
     40              (void)GPIO_Init(PORT_E,2,GPO,LVL_H);
   \   0000002E   0x2301             MOVS     R3,#+1
   \   00000030   0x2201             MOVS     R2,#+1
   \   00000032   0x2102             MOVS     R1,#+2
   \   00000034   0x2004             MOVS     R0,#+4
   \   00000036   0x.... 0x....      BL       GPIO_Init
   \   0000003A   0x0007             MOVS     R7,R0
     41              (void)GPIO_Init(PORT_E,3,GPO,LVL_H);
   \   0000003C   0x2301             MOVS     R3,#+1
   \   0000003E   0x2201             MOVS     R2,#+1
   \   00000040   0x2103             MOVS     R1,#+3
   \   00000042   0x2004             MOVS     R0,#+4
   \   00000044   0x.... 0x....      BL       GPIO_Init
   \   00000048   0x4680             MOV      R8,R0
     42              (void)GPIO_Init(PORT_E,4,GPO,LVL_H);
   \   0000004A   0x2301             MOVS     R3,#+1
   \   0000004C   0x2201             MOVS     R2,#+1
   \   0000004E   0x2104             MOVS     R1,#+4
   \   00000050   0x2004             MOVS     R0,#+4
   \   00000052   0x.... 0x....      BL       GPIO_Init
     43              
     44          //    //设置E0-E4为5110的功能输入端
     45          //    PORTE_PCR0 = (PORT_PCR_MUX(1));
     46          //    PORTE_PCR1 = (PORT_PCR_MUX(1));
     47          //    PORTE_PCR2 = (PORT_PCR_MUX(1));
     48          //    PORTE_PCR3 = (PORT_PCR_MUX(1));
     49          //    PORTE_PCR4 = (PORT_PCR_MUX(1));
     50          //
     51          //    //设置E0-E4为输出方向
     52          //    GPIOE_PDDR |= GPIO_PDDR_PDD( GPIO_PIN_Set1(0)
     53          //                                | GPIO_PIN_Set1(1)
     54          //                                | GPIO_PIN_Set1(2)
     55          //                                | GPIO_PIN_Set1(3)
     56          //                                | GPIO_PIN_Set1(4)); //设置输出之后默认为高电平
     57          //
     58          //    GPIOE_PDOR |= GPIO_PDOR_PDO( GPIO_PIN_Set1(0)
     59          //                                | GPIO_PIN_Set1(1)
     60          //                                | GPIO_PIN_Set1(2)
     61          //                                | GPIO_PIN_Set1(3)
     62          //                                | GPIO_PIN_Set1(4)); //设置输出端口初始值
     63          }  
   \   00000056   0xE8BD 0x81F0      POP      {R4-R8,PC}       ;; return
     64          
     65          
     66          /**********************************************************************
     67          * 函数名称：LCD_init()
     68          * 函数功能：初始化nokia5110
     69          * 入口参数：无
     70          * 出口参数：无
     71          * 修改人  ：MY
     72          * 修改时间：2012/09/24
     73          **********************************************************************/

   \                                 In section .text, align 2, keep-with-next
     74          void LCD_Init(void)
     75          {
   \                     LCD_Init:
   \   00000000   0xB580             PUSH     {R7,LR}
     76              LCD_RST(0); // 产生一个让LCD复位的低电平脉冲
   \   00000002   0x.... 0x....      LDR.W    R0,??DataTable6  ;; 0x400ff100
   \   00000006   0x6800             LDR      R0,[R0, #+0]
   \   00000008   0xF030 0x0010      BICS     R0,R0,#0x10
   \   0000000C   0x.... 0x....      LDR.W    R1,??DataTable6  ;; 0x400ff100
   \   00000010   0x6008             STR      R0,[R1, #+0]
     77              //GPIOE_PDOR &= GPIO_PDOR_PDO(GPIO_PIN_Set0(25));
     78              Delay_us(16);
   \   00000012   0x2010             MOVS     R0,#+16
   \   00000014   0x.... 0x....      BL       Delay_us
     79              LCD_RST(1);
   \   00000018   0x.... 0x....      LDR.W    R0,??DataTable6  ;; 0x400ff100
   \   0000001C   0x6800             LDR      R0,[R0, #+0]
   \   0000001E   0xF050 0x0010      ORRS     R0,R0,#0x10
   \   00000022   0x.... 0x....      LDR.W    R1,??DataTable6  ;; 0x400ff100
   \   00000026   0x6008             STR      R0,[R1, #+0]
     80              //GPIOE_PDOR |= GPIO_PDOR_PDO(GPIO_PIN_Set1(25));
     81              LCD_CE(0);// 关闭LCD
   \   00000028   0x.... 0x....      LDR.W    R0,??DataTable6  ;; 0x400ff100
   \   0000002C   0x6800             LDR      R0,[R0, #+0]
   \   0000002E   0xF030 0x0008      BICS     R0,R0,#0x8
   \   00000032   0x.... 0x....      LDR.W    R1,??DataTable6  ;; 0x400ff100
   \   00000036   0x6008             STR      R0,[R1, #+0]
     82              //GPIOE_PDOR &= GPIO_PDOR_PDO(GPIO_PIN_Set0(24));
     83              Delay_us(16);
   \   00000038   0x2010             MOVS     R0,#+16
   \   0000003A   0x.... 0x....      BL       Delay_us
     84              LCD_CE(1);// 使能LCD
   \   0000003E   0x.... 0x....      LDR.W    R0,??DataTable6  ;; 0x400ff100
   \   00000042   0x6800             LDR      R0,[R0, #+0]
   \   00000044   0xF050 0x0008      ORRS     R0,R0,#0x8
   \   00000048   0x.... 0x....      LDR.W    R1,??DataTable6  ;; 0x400ff100
   \   0000004C   0x6008             STR      R0,[R1, #+0]
     85              //GPIOE_PDOR |= GPIO_PDOR_PDO(GPIO_PIN_Set1(24));
     86              Delay_us(16);
   \   0000004E   0x2010             MOVS     R0,#+16
   \   00000050   0x.... 0x....      BL       Delay_us
     87              LCD_write_byte(0x21, 0);	// 使用扩展命令设置LCD模式并设置水平寻址方式
   \   00000054   0x2100             MOVS     R1,#+0
   \   00000056   0x2021             MOVS     R0,#+33
   \   00000058   0x.... 0x....      BL       LCD_write_byte
     88              LCD_write_byte(0xc8, 0);	// 设置偏置电压
   \   0000005C   0x2100             MOVS     R1,#+0
   \   0000005E   0x20C8             MOVS     R0,#+200
   \   00000060   0x.... 0x....      BL       LCD_write_byte
     89              LCD_write_byte(0x06, 0);	// 温度校正，设置Vlcd温度系数为2
   \   00000064   0x2100             MOVS     R1,#+0
   \   00000066   0x2006             MOVS     R0,#+6
   \   00000068   0x.... 0x....      BL       LCD_write_byte
     90              LCD_write_byte(0x13, 0);	// 1:48
   \   0000006C   0x2100             MOVS     R1,#+0
   \   0000006E   0x2013             MOVS     R0,#+19
   \   00000070   0x.... 0x....      BL       LCD_write_byte
     91              LCD_write_byte(0x20, 0);	// 使用基本命令
   \   00000074   0x2100             MOVS     R1,#+0
   \   00000076   0x2020             MOVS     R0,#+32
   \   00000078   0x.... 0x....      BL       LCD_write_byte
     92              LCD_clear();	            // 清屏
   \   0000007C   0x.... 0x....      BL       LCD_clear
     93              LCD_write_byte(0x0c, 0);	// 设定显示模式，正常显示
   \   00000080   0x2100             MOVS     R1,#+0
   \   00000082   0x200C             MOVS     R0,#+12
   \   00000084   0x.... 0x....      BL       LCD_write_byte
     94              LCD_CE(0);               // 关闭LCD
   \   00000088   0x.... 0x....      LDR.W    R0,??DataTable6  ;; 0x400ff100
   \   0000008C   0x6800             LDR      R0,[R0, #+0]
   \   0000008E   0xF030 0x0008      BICS     R0,R0,#0x8
   \   00000092   0x.... 0x....      LDR.W    R1,??DataTable6  ;; 0x400ff100
   \   00000096   0x6008             STR      R0,[R1, #+0]
     95              //GPIOE_PDOR &= GPIO_PDOR_PDO(GPIO_PIN_Set0(24));
     96          }
   \   00000098   0xBD01             POP      {R0,PC}          ;; return
     97          
     98          /**********************************************************************
     99          * 函数名称：LCD_clear()
    100          * 函数功能：液晶清屏
    101          * 入口参数：无
    102          * 出口参数：无
    103          * 修改人  ：MY
    104          * 修改时间：2012/09/24
    105          **********************************************************************/

   \                                 In section .text, align 2, keep-with-next
    106          void LCD_clear(void)
    107          {
   \                     LCD_clear:
   \   00000000   0xB510             PUSH     {R4,LR}
    108              uint16 i;
    109              LCD_write_byte(0x0c, 0);
   \   00000002   0x2100             MOVS     R1,#+0
   \   00000004   0x200C             MOVS     R0,#+12
   \   00000006   0x.... 0x....      BL       LCD_write_byte
    110              LCD_write_byte(0x80, 0);
   \   0000000A   0x2100             MOVS     R1,#+0
   \   0000000C   0x2080             MOVS     R0,#+128
   \   0000000E   0x.... 0x....      BL       LCD_write_byte
    111              for (i = 0; i < 504; i++)
   \   00000012   0x2400             MOVS     R4,#+0
   \   00000014   0xE004             B.N      ??LCD_clear_0
    112                  LCD_write_byte(0, 1);
   \                     ??LCD_clear_1:
   \   00000016   0x2101             MOVS     R1,#+1
   \   00000018   0x2000             MOVS     R0,#+0
   \   0000001A   0x.... 0x....      BL       LCD_write_byte
   \   0000001E   0x1C64             ADDS     R4,R4,#+1
   \                     ??LCD_clear_0:
   \   00000020   0xF44F 0x70FC      MOV      R0,#+504
   \   00000024   0xB2A4             UXTH     R4,R4            ;; ZeroExt  R4,R4,#+16,#+16
   \   00000026   0x4284             CMP      R4,R0
   \   00000028   0xD3F5             BCC.N    ??LCD_clear_1
    113          }
   \   0000002A   0xBD10             POP      {R4,PC}          ;; return
    114          
    115          
    116          /***********************************************************************
    117          * 函数名称：LCD_write_char()
    118          * 函数功能：写入1个字符
    119          * 入口参数：c   要写入的数据
    120          * 出口参数：无
    121          * 修改人  ：MY
    122          * 修改时间：2012/09/24
    123          **********************************************************************/

   \                                 In section .text, align 2, keep-with-next
    124          void LCD_write_char(uint8 c)
    125          {
   \                     LCD_write_char:
   \   00000000   0xB538             PUSH     {R3-R5,LR}
   \   00000002   0x0004             MOVS     R4,R0
    126              uint8 line;
    127              c -= 32;
   \   00000004   0x3C20             SUBS     R4,R4,#+32
    128              for (line = 0; line < 6; line++)
   \   00000006   0x2500             MOVS     R5,#+0
   \   00000008   0xE00B             B.N      ??LCD_write_char_0
    129                  LCD_write_byte(font6x8[c][line], 1);//从ACSII码表中读取字节，然后写入液晶
   \                     ??LCD_write_char_1:
   \   0000000A   0x2101             MOVS     R1,#+1
   \   0000000C   0xB2ED             UXTB     R5,R5            ;; ZeroExt  R5,R5,#+24,#+24
   \   0000000E   0xB2E4             UXTB     R4,R4            ;; ZeroExt  R4,R4,#+24,#+24
   \   00000010   0x2006             MOVS     R0,#+6
   \   00000012   0x.... 0x....      LDR.W    R2,??DataTable6_1
   \   00000016   0xFB00 0x2004      MLA      R0,R0,R4,R2
   \   0000001A   0x5C28             LDRB     R0,[R5, R0]
   \   0000001C   0x.... 0x....      BL       LCD_write_byte
   \   00000020   0x1C6D             ADDS     R5,R5,#+1
   \                     ??LCD_write_char_0:
   \   00000022   0xB2ED             UXTB     R5,R5            ;; ZeroExt  R5,R5,#+24,#+24
   \   00000024   0x2D06             CMP      R5,#+6
   \   00000026   0xD3F0             BCC.N    ??LCD_write_char_1
    130          }
   \   00000028   0xBD31             POP      {R0,R4,R5,PC}    ;; return
    131          
    132          /***********************************************************************
    133          * 函数名称：LCD_Write_Char()
    134          * 函数功能：写入1个字符
    135          * 入口参数：X:行;Y:列;asc:要写入的数据
    136          * 出口参数：无
    137          * 修改人  ：MY
    138          * 修改时间：2012/09/24
    139          **********************************************************************/

   \                                 In section .text, align 2, keep-with-next
    140          void LCD_Write_Char(uint8 X, uint8 Y, uint8 asc)
    141          {
   \                     LCD_Write_Char:
   \   00000000   0xB538             PUSH     {R3-R5,LR}
   \   00000002   0x0014             MOVS     R4,R2
    142              uint8 line;
    143              LCD_set_XY(X, Y); //光标定位
   \   00000004   0xB2C9             UXTB     R1,R1            ;; ZeroExt  R1,R1,#+24,#+24
   \   00000006   0xB2C0             UXTB     R0,R0            ;; ZeroExt  R0,R0,#+24,#+24
   \   00000008   0x.... 0x....      BL       LCD_set_XY
    144              // if((asc>=0)&&(asc<=9))
    145              //   asc = asc+16;
    146              // else
    147              asc = asc - 32;
   \   0000000C   0x3C20             SUBS     R4,R4,#+32
    148              for (line = 0; line < 6; line++)
   \   0000000E   0x2500             MOVS     R5,#+0
   \   00000010   0xE00B             B.N      ??LCD_Write_Char_0
    149                  LCD_write_byte(font6x8[asc][line], 1);//从ACSII码表中读取字节，然后写入液晶
   \                     ??LCD_Write_Char_1:
   \   00000012   0x2101             MOVS     R1,#+1
   \   00000014   0xB2ED             UXTB     R5,R5            ;; ZeroExt  R5,R5,#+24,#+24
   \   00000016   0xB2E4             UXTB     R4,R4            ;; ZeroExt  R4,R4,#+24,#+24
   \   00000018   0x2006             MOVS     R0,#+6
   \   0000001A   0x.... 0x....      LDR.W    R2,??DataTable6_1
   \   0000001E   0xFB00 0x2004      MLA      R0,R0,R4,R2
   \   00000022   0x5C28             LDRB     R0,[R5, R0]
   \   00000024   0x.... 0x....      BL       LCD_write_byte
   \   00000028   0x1C6D             ADDS     R5,R5,#+1
   \                     ??LCD_Write_Char_0:
   \   0000002A   0xB2ED             UXTB     R5,R5            ;; ZeroExt  R5,R5,#+24,#+24
   \   0000002C   0x2D06             CMP      R5,#+6
   \   0000002E   0xD3F0             BCC.N    ??LCD_Write_Char_1
    150          }
   \   00000030   0xBD31             POP      {R0,R4,R5,PC}    ;; return
    151          
    152          /***********************************************************************
    153          * 函数名称：LCD_Write_Num()
    154          * 函数功能：显示变量
    155          * 入口参数：X:行;Y:列;num:变量;N:要显示的变量的位数
    156          * 出口参数：无
    157          * 修改人  ：
    158          * 修改时间：
    159          **********************************************************************/

   \                                 In section .text, align 2, keep-with-next
    160          void LCD_Write_Num(uint8 X, uint8 Y, uint16 num, uint8 N)
    161          {
   \                     LCD_Write_Num:
   \   00000000   0xE92D 0x41F0      PUSH     {R4-R8,LR}
   \   00000004   0xB084             SUB      SP,SP,#+16
   \   00000006   0x0004             MOVS     R4,R0
   \   00000008   0x000D             MOVS     R5,R1
   \   0000000A   0x001E             MOVS     R6,R3
    162              uint8 line;
    163              uint8 i = 0;
   \   0000000C   0x2700             MOVS     R7,#+0
    164              uint16 n[5] = {0};
   \   0000000E   0xA800             ADD      R0,SP,#+0
   \   00000010   0x2100             MOVS     R1,#+0
   \   00000012   0x2300             MOVS     R3,#+0
   \   00000014   0xF05F 0x0C00      MOVS     R12,#+0
   \   00000018   0xE8A0 0x100A      STM      R0!,{R1,R3,R12}
   \   0000001C   0x380C             SUBS     R0,R0,#+12
    165              n[0] = num % 10;
   \   0000001E   0xB292             UXTH     R2,R2            ;; ZeroExt  R2,R2,#+16,#+16
   \   00000020   0x200A             MOVS     R0,#+10
   \   00000022   0xFB92 0xF1F0      SDIV     R1,R2,R0
   \   00000026   0xFB00 0x2011      MLS      R0,R0,R1,R2
   \   0000002A   0xF8AD 0x0000      STRH     R0,[SP, #+0]
    166              n[1] = (num / 10) % 10;
   \   0000002E   0xB292             UXTH     R2,R2            ;; ZeroExt  R2,R2,#+16,#+16
   \   00000030   0x200A             MOVS     R0,#+10
   \   00000032   0xFB92 0xF0F0      SDIV     R0,R2,R0
   \   00000036   0x210A             MOVS     R1,#+10
   \   00000038   0xFB90 0xF3F1      SDIV     R3,R0,R1
   \   0000003C   0xFB01 0x0013      MLS      R0,R1,R3,R0
   \   00000040   0xF8AD 0x0002      STRH     R0,[SP, #+2]
    167              n[2] = (num / 100) % 10;
   \   00000044   0xB292             UXTH     R2,R2            ;; ZeroExt  R2,R2,#+16,#+16
   \   00000046   0x2064             MOVS     R0,#+100
   \   00000048   0xFB92 0xF0F0      SDIV     R0,R2,R0
   \   0000004C   0x210A             MOVS     R1,#+10
   \   0000004E   0xFB90 0xF3F1      SDIV     R3,R0,R1
   \   00000052   0xFB01 0x0013      MLS      R0,R1,R3,R0
   \   00000056   0xF8AD 0x0004      STRH     R0,[SP, #+4]
    168              n[3] = (num / 1000) % 10;
   \   0000005A   0xB292             UXTH     R2,R2            ;; ZeroExt  R2,R2,#+16,#+16
   \   0000005C   0xF44F 0x707A      MOV      R0,#+1000
   \   00000060   0xFB92 0xF0F0      SDIV     R0,R2,R0
   \   00000064   0x210A             MOVS     R1,#+10
   \   00000066   0xFB90 0xF3F1      SDIV     R3,R0,R1
   \   0000006A   0xFB01 0x0013      MLS      R0,R1,R3,R0
   \   0000006E   0xF8AD 0x0006      STRH     R0,[SP, #+6]
    169              n[4] = (num / 10000) % 10;
   \   00000072   0xB292             UXTH     R2,R2            ;; ZeroExt  R2,R2,#+16,#+16
   \   00000074   0xF242 0x7010      MOVW     R0,#+10000
   \   00000078   0xFB92 0xF0F0      SDIV     R0,R2,R0
   \   0000007C   0x210A             MOVS     R1,#+10
   \   0000007E   0xFB90 0xF2F1      SDIV     R2,R0,R1
   \   00000082   0xFB01 0x0012      MLS      R0,R1,R2,R0
   \   00000086   0xF8AD 0x0008      STRH     R0,[SP, #+8]
    170              for(i = 0; i < 5; i++) n[i] = n[i] + 16;
   \   0000008A   0x2000             MOVS     R0,#+0
   \   0000008C   0x0007             MOVS     R7,R0
   \   0000008E   0xE009             B.N      ??LCD_Write_Num_0
   \                     ??LCD_Write_Num_1:
   \   00000090   0xB2FF             UXTB     R7,R7            ;; ZeroExt  R7,R7,#+24,#+24
   \   00000092   0xA800             ADD      R0,SP,#+0
   \   00000094   0xF830 0x0017      LDRH     R0,[R0, R7, LSL #+1]
   \   00000098   0x3010             ADDS     R0,R0,#+16
   \   0000009A   0xB2FF             UXTB     R7,R7            ;; ZeroExt  R7,R7,#+24,#+24
   \   0000009C   0xA900             ADD      R1,SP,#+0
   \   0000009E   0xF821 0x0017      STRH     R0,[R1, R7, LSL #+1]
   \   000000A2   0x1C7F             ADDS     R7,R7,#+1
   \                     ??LCD_Write_Num_0:
   \   000000A4   0xB2FF             UXTB     R7,R7            ;; ZeroExt  R7,R7,#+24,#+24
   \   000000A6   0x2F05             CMP      R7,#+5
   \   000000A8   0xD3F2             BCC.N    ??LCD_Write_Num_1
    171              for(i = N; i > 0; i--)
   \   000000AA   0x0037             MOVS     R7,R6
   \   000000AC   0xE019             B.N      ??LCD_Write_Num_2
    172              {
    173                  LCD_set_XY(X + (N - i) * 6, Y); //光标定位
    174                  for (line = 0; line < 6; line++)
    175                      LCD_write_byte(font6x8[n[i - 1]][line], 1); //从ACSII码表中读取字节，然后写入液晶
   \                     ??LCD_Write_Num_3:
   \   000000AE   0x2101             MOVS     R1,#+1
   \   000000B0   0xFA5F 0xF888      UXTB     R8,R8            ;; ZeroExt  R8,R8,#+24,#+24
   \   000000B4   0xB2FF             UXTB     R7,R7            ;; ZeroExt  R7,R7,#+24,#+24
   \   000000B6   0xA800             ADD      R0,SP,#+0
   \   000000B8   0xEB10 0x0047      ADDS     R0,R0,R7, LSL #+1
   \   000000BC   0xF830 0x0C02      LDRH     R0,[R0, #-2]
   \   000000C0   0x2206             MOVS     R2,#+6
   \   000000C2   0x.... 0x....      LDR.W    R3,??DataTable6_1
   \   000000C6   0xFB02 0x3000      MLA      R0,R2,R0,R3
   \   000000CA   0xF818 0x0000      LDRB     R0,[R8, R0]
   \   000000CE   0x.... 0x....      BL       LCD_write_byte
   \   000000D2   0xF118 0x0801      ADDS     R8,R8,#+1
   \                     ??LCD_Write_Num_4:
   \   000000D6   0xFA5F 0xF888      UXTB     R8,R8            ;; ZeroExt  R8,R8,#+24,#+24
   \   000000DA   0xF1B8 0x0F06      CMP      R8,#+6
   \   000000DE   0xD3E6             BCC.N    ??LCD_Write_Num_3
   \   000000E0   0x1E7F             SUBS     R7,R7,#+1
   \                     ??LCD_Write_Num_2:
   \   000000E2   0xB2FF             UXTB     R7,R7            ;; ZeroExt  R7,R7,#+24,#+24
   \   000000E4   0x2F01             CMP      R7,#+1
   \   000000E6   0xD30E             BCC.N    ??LCD_Write_Num_5
   \   000000E8   0x0029             MOVS     R1,R5
   \   000000EA   0xB2C9             UXTB     R1,R1            ;; ZeroExt  R1,R1,#+24,#+24
   \   000000EC   0xB2F6             UXTB     R6,R6            ;; ZeroExt  R6,R6,#+24,#+24
   \   000000EE   0xB2FF             UXTB     R7,R7            ;; ZeroExt  R7,R7,#+24,#+24
   \   000000F0   0x1BF0             SUBS     R0,R6,R7
   \   000000F2   0x2206             MOVS     R2,#+6
   \   000000F4   0x4350             MULS     R0,R2,R0
   \   000000F6   0xFA50 0xF084      UXTAB    R0,R0,R4
   \   000000FA   0xB2C0             UXTB     R0,R0            ;; ZeroExt  R0,R0,#+24,#+24
   \   000000FC   0x.... 0x....      BL       LCD_set_XY
   \   00000100   0xF05F 0x0800      MOVS     R8,#+0
   \   00000104   0xE7E7             B.N      ??LCD_Write_Num_4
    176              }
    177          }
   \                     ??LCD_Write_Num_5:
   \   00000106   0xE8BD 0x81FF      POP      {R0-R8,PC}       ;; return
    178          
    179          /***********************************************************************
    180          * 函数名称LLCD_write_english_string()
    181          * 函数功能：写英文字符串
    182          * 入口参数：X,Y,*S------x行y列*s为英文字符串
    183          * 出口参数：无
    184          * 修改人  ：MY
    185          * 修改时间：2012/09/24
    186          ***********************************************************************/

   \                                 In section .text, align 2, keep-with-next
    187          void LCD_write_english_string(uint8 X, uint8 Y, int8 *s)
    188          {
   \                     LCD_write_english_string:
   \   00000000   0xB510             PUSH     {R4,LR}
   \   00000002   0x0014             MOVS     R4,R2
    189              LCD_set_XY(X, Y); //光标定位
   \   00000004   0xB2C9             UXTB     R1,R1            ;; ZeroExt  R1,R1,#+24,#+24
   \   00000006   0xB2C0             UXTB     R0,R0            ;; ZeroExt  R0,R0,#+24,#+24
   \   00000008   0x.... 0x....      BL       LCD_set_XY
   \   0000000C   0xE003             B.N      ??LCD_write_english_string_0
    190              while (*s)
    191              {
    192                  LCD_write_char(*s);
   \                     ??LCD_write_english_string_1:
   \   0000000E   0x7820             LDRB     R0,[R4, #+0]
   \   00000010   0x.... 0x....      BL       LCD_write_char
    193                  s++;
   \   00000014   0x1C64             ADDS     R4,R4,#+1
    194              }
   \                     ??LCD_write_english_string_0:
   \   00000016   0x7820             LDRB     R0,[R4, #+0]
   \   00000018   0x2800             CMP      R0,#+0
   \   0000001A   0xD1F8             BNE.N    ??LCD_write_english_string_1
    195          }
   \   0000001C   0xBD10             POP      {R4,PC}          ;; return
    196          
    197          /**********************************************************************
    198          * 函数名称：LCD_write_chinesee()
    199          * 函数功能：写一个汉字
    200          * 入口参数：x,横坐标;y,纵坐标;hz,要显示的汉字
    201          * 出口参数：无
    202          * 修改人  ：MY
    203          * 修改时间：2012/09/24
    204          **********************************************************************/

   \                                 In section .text, align 2, keep-with-next
    205          void LCD_write_chinese(uint8 x, uint8 y, int8 *hz)
    206          {
   \                     LCD_write_chinese:
   \   00000000   0xB5F8             PUSH     {R3-R7,LR}
   \   00000002   0x0004             MOVS     R4,R0
   \   00000004   0x000D             MOVS     R5,R1
    207              uint8 k, i;
    208              for(k = 0; k < sizeof(GB_12) / sizeof(GB_12[0]); k++) //查找汉字编码表中的汉字
   \   00000006   0x2600             MOVS     R6,#+0
   \   00000008   0xE000             B.N      ??LCD_write_chinese_0
   \                     ??LCD_write_chinese_1:
   \   0000000A   0x1C76             ADDS     R6,R6,#+1
   \                     ??LCD_write_chinese_0:
   \   0000000C   0xB2F6             UXTB     R6,R6            ;; ZeroExt  R6,R6,#+24,#+24
   \   0000000E   0x2E0D             CMP      R6,#+13
   \   00000010   0xD211             BCS.N    ??LCD_write_chinese_2
    209              {
    210                  if((hz[0] == GB_12[k].Index[0]) && (hz[1] == GB_12[k].Index[1]))
   \   00000012   0x7810             LDRB     R0,[R2, #+0]
   \   00000014   0xB2F6             UXTB     R6,R6            ;; ZeroExt  R6,R6,#+24,#+24
   \   00000016   0x211A             MOVS     R1,#+26
   \   00000018   0x....             LDR.N    R3,??DataTable6_2
   \   0000001A   0xFB01 0x3106      MLA      R1,R1,R6,R3
   \   0000001E   0x7809             LDRB     R1,[R1, #+0]
   \   00000020   0x4288             CMP      R0,R1
   \   00000022   0xD1F2             BNE.N    ??LCD_write_chinese_1
   \   00000024   0x7850             LDRB     R0,[R2, #+1]
   \   00000026   0xB2F6             UXTB     R6,R6            ;; ZeroExt  R6,R6,#+24,#+24
   \   00000028   0x211A             MOVS     R1,#+26
   \   0000002A   0x....             LDR.N    R3,??DataTable6_2
   \   0000002C   0xFB01 0x3106      MLA      R1,R1,R6,R3
   \   00000030   0x7849             LDRB     R1,[R1, #+1]
   \   00000032   0x4288             CMP      R0,R1
   \   00000034   0xD1E9             BNE.N    ??LCD_write_chinese_1
    211                      break;
    212              }
    213              LCD_set_XY(x, y); //光标定位
   \                     ??LCD_write_chinese_2:
   \   00000036   0x0029             MOVS     R1,R5
   \   00000038   0xB2C9             UXTB     R1,R1            ;; ZeroExt  R1,R1,#+24,#+24
   \   0000003A   0x0020             MOVS     R0,R4
   \   0000003C   0xB2C0             UXTB     R0,R0            ;; ZeroExt  R0,R0,#+24,#+24
   \   0000003E   0x.... 0x....      BL       LCD_set_XY
    214              for(i = 0; i < 12; i++) //先写上半字节
   \   00000042   0x2700             MOVS     R7,#+0
   \   00000044   0xE00B             B.N      ??LCD_write_chinese_3
    215                  LCD_write_byte(GB_12[k].Msk[i], 1);
   \                     ??LCD_write_chinese_4:
   \   00000046   0x2101             MOVS     R1,#+1
   \   00000048   0xB2FF             UXTB     R7,R7            ;; ZeroExt  R7,R7,#+24,#+24
   \   0000004A   0xB2F6             UXTB     R6,R6            ;; ZeroExt  R6,R6,#+24,#+24
   \   0000004C   0x201A             MOVS     R0,#+26
   \   0000004E   0x....             LDR.N    R2,??DataTable6_2
   \   00000050   0xFB00 0x2006      MLA      R0,R0,R6,R2
   \   00000054   0x1838             ADDS     R0,R7,R0
   \   00000056   0x7880             LDRB     R0,[R0, #+2]
   \   00000058   0x.... 0x....      BL       LCD_write_byte
   \   0000005C   0x1C7F             ADDS     R7,R7,#+1
   \                     ??LCD_write_chinese_3:
   \   0000005E   0xB2FF             UXTB     R7,R7            ;; ZeroExt  R7,R7,#+24,#+24
   \   00000060   0x2F0C             CMP      R7,#+12
   \   00000062   0xD3F0             BCC.N    ??LCD_write_chinese_4
    216              LCD_set_XY(x, y + 1); //光标定位下一行
   \   00000064   0x1C69             ADDS     R1,R5,#+1
   \   00000066   0xB2C9             UXTB     R1,R1            ;; ZeroExt  R1,R1,#+24,#+24
   \   00000068   0x0020             MOVS     R0,R4
   \   0000006A   0xB2C0             UXTB     R0,R0            ;; ZeroExt  R0,R0,#+24,#+24
   \   0000006C   0x.... 0x....      BL       LCD_set_XY
    217              for(i = 12; i < 24; i++) //后写下半字节
   \   00000070   0x270C             MOVS     R7,#+12
   \   00000072   0xE00B             B.N      ??LCD_write_chinese_5
    218                  LCD_write_byte(GB_12[k].Msk[i], 1);
   \                     ??LCD_write_chinese_6:
   \   00000074   0x2101             MOVS     R1,#+1
   \   00000076   0xB2FF             UXTB     R7,R7            ;; ZeroExt  R7,R7,#+24,#+24
   \   00000078   0xB2F6             UXTB     R6,R6            ;; ZeroExt  R6,R6,#+24,#+24
   \   0000007A   0x201A             MOVS     R0,#+26
   \   0000007C   0x....             LDR.N    R2,??DataTable6_2
   \   0000007E   0xFB00 0x2006      MLA      R0,R0,R6,R2
   \   00000082   0x1838             ADDS     R0,R7,R0
   \   00000084   0x7880             LDRB     R0,[R0, #+2]
   \   00000086   0x.... 0x....      BL       LCD_write_byte
   \   0000008A   0x1C7F             ADDS     R7,R7,#+1
   \                     ??LCD_write_chinese_5:
   \   0000008C   0xB2FF             UXTB     R7,R7            ;; ZeroExt  R7,R7,#+24,#+24
   \   0000008E   0x2F18             CMP      R7,#+24
   \   00000090   0xD3F0             BCC.N    ??LCD_write_chinese_6
    219          }
   \   00000092   0xBDF1             POP      {R0,R4-R7,PC}    ;; return
    220          
    221          /***********************************************************************
    222          * 函数名称： LCD_write_chinese_sring()
    223          * 函数功能：写汉字串
    224          * 入口参数：x,横坐标;y,纵坐标;string,要显示的汉字串
    225          * 出口参数：无
    226          * 修改人  ：MY
    227          * 修改时间：2012/09/24
    228          ***********************************************************************/

   \                                 In section .text, align 2, keep-with-next
    229          void LCD_write_chinese_string(uint8 x, uint8 y, int8 *string)
    230          {
   \                     LCD_write_chinese_string:
   \   00000000   0xB5F8             PUSH     {R3-R7,LR}
   \   00000002   0x0004             MOVS     R4,R0
   \   00000004   0x000D             MOVS     R5,R1
   \   00000006   0x0016             MOVS     R6,R2
    231              uint8 i = 0;
   \   00000008   0x2700             MOVS     R7,#+0
   \   0000000A   0xE009             B.N      ??LCD_write_chinese_string_0
    232              while(string[i])
    233              {
    234                  LCD_write_chinese(x, y, &string[i]);
   \                     ??LCD_write_chinese_string_1:
   \   0000000C   0xB2FF             UXTB     R7,R7            ;; ZeroExt  R7,R7,#+24,#+24
   \   0000000E   0x19BA             ADDS     R2,R7,R6
   \   00000010   0x0029             MOVS     R1,R5
   \   00000012   0xB2C9             UXTB     R1,R1            ;; ZeroExt  R1,R1,#+24,#+24
   \   00000014   0x0020             MOVS     R0,R4
   \   00000016   0xB2C0             UXTB     R0,R0            ;; ZeroExt  R0,R0,#+24,#+24
   \   00000018   0x.... 0x....      BL       LCD_write_chinese
    235                  x = x + 12;
   \   0000001C   0x340C             ADDS     R4,R4,#+12
    236                  i = i + 2;
   \   0000001E   0x1CBF             ADDS     R7,R7,#+2
    237              }
   \                     ??LCD_write_chinese_string_0:
   \   00000020   0xB2FF             UXTB     R7,R7            ;; ZeroExt  R7,R7,#+24,#+24
   \   00000022   0x5DB8             LDRB     R0,[R7, R6]
   \   00000024   0x2800             CMP      R0,#+0
   \   00000026   0xD1F1             BNE.N    ??LCD_write_chinese_string_1
    238          }
   \   00000028   0xBDF1             POP      {R0,R4-R7,PC}    ;; return
    239          
    240          /***********************************************************************
    241          * 函数名称： LCD_Write_String()
    242          * 函数功能：写字符串(中英文)
    243          * 入口参数：x,横坐标;y,纵坐标;String,要显示的字符串
    244          * 出口参数：无
    245          * 修改人  ：
    246          * 修改时间：
    247          * 引用实例：LCD_write_string(0, 3, "MyLove:");
    248          ***********************************************************************/

   \                                 In section .text, align 2, keep-with-next
    249          void LCD_Write_String(uint8 x, uint8 y, int8 *string)
    250          {
   \                     LCD_Write_String:
   \   00000000   0xE92D 0x4FF8      PUSH     {R3-R11,LR}
   \   00000004   0x0004             MOVS     R4,R0
   \   00000006   0x000D             MOVS     R5,R1
   \   00000008   0x0016             MOVS     R6,R2
    251              uint8 i = 0, xh = 0, yh = 0;
   \   0000000A   0xF05F 0x0900      MOVS     R9,#+0
   \   0000000E   0x2700             MOVS     R7,#+0
   \   00000010   0xF05F 0x0800      MOVS     R8,#+0
    252              uint8 kk, ii;
    253              int8 *cc;
    254              xh = x, yh = y;
   \   00000014   0x0027             MOVS     R7,R4
   \   00000016   0x46A8             MOV      R8,R5
    255              while(string[i])
   \                     ??LCD_Write_String_0:
   \   00000018   0xFA5F 0xF989      UXTB     R9,R9            ;; ZeroExt  R9,R9,#+24,#+24
   \   0000001C   0xF819 0x0006      LDRB     R0,[R9, R6]
   \   00000020   0x2800             CMP      R0,#+0
   \   00000022   0xF000 0x808F      BEQ.W    ??LCD_Write_String_1
    256              {
    257                  for(kk = 0; kk < sizeof(GB_12) / sizeof(GB_12[0]); kk++) //查找汉字编码表中的汉字
   \   00000026   0xF05F 0x0A00      MOVS     R10,#+0
   \   0000002A   0xE01F             B.N      ??LCD_Write_String_2
    258                  {
    259                      if((string[i] == GB_12[kk].Index[0]) && (string[i + 1] == GB_12[kk].Index[1]))
    260                      {
    261                          LCD_set_XY(xh + i * 6, yh); //光标定位
    262                          for(ii = 0; ii < 12; ii++) //先写上半字节
    263                              LCD_write_byte(GB_12[kk].Msk[ii], 1);
    264                          LCD_set_XY(xh + i * 6, yh + 1); //光标定位下一行
    265                          for(ii = 12; ii < 24; ii++) //后写下半字节
    266                              LCD_write_byte(GB_12[kk].Msk[ii], 1);
    267                          i = i + 2;
    268                      }
    269                      else if((string[i] >= 32) && (string[i] <= 121))
   \                     ??LCD_Write_String_3:
   \   0000002C   0xFA5F 0xF989      UXTB     R9,R9            ;; ZeroExt  R9,R9,#+24,#+24
   \   00000030   0xF819 0x0006      LDRB     R0,[R9, R6]
   \   00000034   0x3820             SUBS     R0,R0,#+32
   \   00000036   0xB2C0             UXTB     R0,R0            ;; ZeroExt  R0,R0,#+24,#+24
   \   00000038   0x285A             CMP      R0,#+90
   \   0000003A   0xD215             BCS.N    ??LCD_Write_String_4
    270                      {
    271                          cc = &string[i];
   \   0000003C   0xFA5F 0xF989      UXTB     R9,R9            ;; ZeroExt  R9,R9,#+24,#+24
   \   00000040   0xEB19 0x0B06      ADDS     R11,R9,R6
    272                          LCD_set_XY(x + i * 6, y);
   \   00000044   0x0029             MOVS     R1,R5
   \   00000046   0xB2C9             UXTB     R1,R1            ;; ZeroExt  R1,R1,#+24,#+24
   \   00000048   0xFA5F 0xF989      UXTB     R9,R9            ;; ZeroExt  R9,R9,#+24,#+24
   \   0000004C   0x2006             MOVS     R0,#+6
   \   0000004E   0xFB00 0xF009      MUL      R0,R0,R9
   \   00000052   0xFA50 0xF084      UXTAB    R0,R0,R4
   \   00000056   0xB2C0             UXTB     R0,R0            ;; ZeroExt  R0,R0,#+24,#+24
   \   00000058   0x.... 0x....      BL       LCD_set_XY
    273                          LCD_write_char(*cc);
   \   0000005C   0xF89B 0x0000      LDRB     R0,[R11, #+0]
   \   00000060   0x.... 0x....      BL       LCD_write_char
    274                          i = i + 1;
   \   00000064   0xF119 0x0901      ADDS     R9,R9,#+1
    275                      }
   \                     ??LCD_Write_String_4:
   \   00000068   0xF11A 0x0A01      ADDS     R10,R10,#+1
   \                     ??LCD_Write_String_2:
   \   0000006C   0xFA5F 0xFA8A      UXTB     R10,R10          ;; ZeroExt  R10,R10,#+24,#+24
   \   00000070   0xF1BA 0x0F0D      CMP      R10,#+13
   \   00000074   0xD2D0             BCS.N    ??LCD_Write_String_0
   \   00000076   0xFA5F 0xF989      UXTB     R9,R9            ;; ZeroExt  R9,R9,#+24,#+24
   \   0000007A   0xF819 0x0006      LDRB     R0,[R9, R6]
   \   0000007E   0xFA5F 0xFA8A      UXTB     R10,R10          ;; ZeroExt  R10,R10,#+24,#+24
   \   00000082   0x211A             MOVS     R1,#+26
   \   00000084   0x....             LDR.N    R2,??DataTable6_2
   \   00000086   0xFB01 0x210A      MLA      R1,R1,R10,R2
   \   0000008A   0x7809             LDRB     R1,[R1, #+0]
   \   0000008C   0x4288             CMP      R0,R1
   \   0000008E   0xD1CD             BNE.N    ??LCD_Write_String_3
   \   00000090   0xFA5F 0xF989      UXTB     R9,R9            ;; ZeroExt  R9,R9,#+24,#+24
   \   00000094   0xEB19 0x0006      ADDS     R0,R9,R6
   \   00000098   0x7840             LDRB     R0,[R0, #+1]
   \   0000009A   0xFA5F 0xFA8A      UXTB     R10,R10          ;; ZeroExt  R10,R10,#+24,#+24
   \   0000009E   0x211A             MOVS     R1,#+26
   \   000000A0   0x....             LDR.N    R2,??DataTable6_2
   \   000000A2   0xFB01 0x210A      MLA      R1,R1,R10,R2
   \   000000A6   0x7849             LDRB     R1,[R1, #+1]
   \   000000A8   0x4288             CMP      R0,R1
   \   000000AA   0xD1BF             BNE.N    ??LCD_Write_String_3
   \   000000AC   0x4641             MOV      R1,R8
   \   000000AE   0xB2C9             UXTB     R1,R1            ;; ZeroExt  R1,R1,#+24,#+24
   \   000000B0   0xFA5F 0xF989      UXTB     R9,R9            ;; ZeroExt  R9,R9,#+24,#+24
   \   000000B4   0x2006             MOVS     R0,#+6
   \   000000B6   0xFB00 0xF009      MUL      R0,R0,R9
   \   000000BA   0xFA50 0xF087      UXTAB    R0,R0,R7
   \   000000BE   0xB2C0             UXTB     R0,R0            ;; ZeroExt  R0,R0,#+24,#+24
   \   000000C0   0x.... 0x....      BL       LCD_set_XY
   \   000000C4   0xF05F 0x0B00      MOVS     R11,#+0
   \   000000C8   0xE00F             B.N      ??LCD_Write_String_5
   \                     ??LCD_Write_String_6:
   \   000000CA   0x2101             MOVS     R1,#+1
   \   000000CC   0xFA5F 0xFB8B      UXTB     R11,R11          ;; ZeroExt  R11,R11,#+24,#+24
   \   000000D0   0xFA5F 0xFA8A      UXTB     R10,R10          ;; ZeroExt  R10,R10,#+24,#+24
   \   000000D4   0x201A             MOVS     R0,#+26
   \   000000D6   0x....             LDR.N    R2,??DataTable6_2
   \   000000D8   0xFB00 0x200A      MLA      R0,R0,R10,R2
   \   000000DC   0xEB1B 0x0000      ADDS     R0,R11,R0
   \   000000E0   0x7880             LDRB     R0,[R0, #+2]
   \   000000E2   0x.... 0x....      BL       LCD_write_byte
   \   000000E6   0xF11B 0x0B01      ADDS     R11,R11,#+1
   \                     ??LCD_Write_String_5:
   \   000000EA   0xFA5F 0xFB8B      UXTB     R11,R11          ;; ZeroExt  R11,R11,#+24,#+24
   \   000000EE   0xF1BB 0x0F0C      CMP      R11,#+12
   \   000000F2   0xD3EA             BCC.N    ??LCD_Write_String_6
   \   000000F4   0xF118 0x0101      ADDS     R1,R8,#+1
   \   000000F8   0xB2C9             UXTB     R1,R1            ;; ZeroExt  R1,R1,#+24,#+24
   \   000000FA   0xFA5F 0xF989      UXTB     R9,R9            ;; ZeroExt  R9,R9,#+24,#+24
   \   000000FE   0x2006             MOVS     R0,#+6
   \   00000100   0xFB00 0xF009      MUL      R0,R0,R9
   \   00000104   0xFA50 0xF087      UXTAB    R0,R0,R7
   \   00000108   0xB2C0             UXTB     R0,R0            ;; ZeroExt  R0,R0,#+24,#+24
   \   0000010A   0x.... 0x....      BL       LCD_set_XY
   \   0000010E   0xF05F 0x0B0C      MOVS     R11,#+12
   \   00000112   0xE00F             B.N      ??LCD_Write_String_7
   \                     ??LCD_Write_String_8:
   \   00000114   0x2101             MOVS     R1,#+1
   \   00000116   0xFA5F 0xFB8B      UXTB     R11,R11          ;; ZeroExt  R11,R11,#+24,#+24
   \   0000011A   0xFA5F 0xFA8A      UXTB     R10,R10          ;; ZeroExt  R10,R10,#+24,#+24
   \   0000011E   0x201A             MOVS     R0,#+26
   \   00000120   0x....             LDR.N    R2,??DataTable6_2
   \   00000122   0xFB00 0x200A      MLA      R0,R0,R10,R2
   \   00000126   0xEB1B 0x0000      ADDS     R0,R11,R0
   \   0000012A   0x7880             LDRB     R0,[R0, #+2]
   \   0000012C   0x.... 0x....      BL       LCD_write_byte
   \   00000130   0xF11B 0x0B01      ADDS     R11,R11,#+1
   \                     ??LCD_Write_String_7:
   \   00000134   0xFA5F 0xFB8B      UXTB     R11,R11          ;; ZeroExt  R11,R11,#+24,#+24
   \   00000138   0xF1BB 0x0F18      CMP      R11,#+24
   \   0000013C   0xD3EA             BCC.N    ??LCD_Write_String_8
   \   0000013E   0xF119 0x0902      ADDS     R9,R9,#+2
   \   00000142   0xE791             B.N      ??LCD_Write_String_4
    276                  }
    277              }
    278          }
   \                     ??LCD_Write_String_1:
   \   00000144   0xE8BD 0x8FF1      POP      {R0,R4-R11,PC}   ;; return
    279          
    280          /***********************************************************
    281          *函数名称：LCD_draw_bmp_pixel
    282          *函数功能：位图绘制函数
    283          *入口参数：X、Y    ：位图绘制的起始X、Y坐标；
    284                     *map    ：位图点阵数据；
    285                     Pix_x   ：位图像素（长）
    286                     Pix_y   ：位图像素（宽）
    287          *出口参数：无
    288          *修改人  ：MY
    289          *修改时间：2012/09/24
    290          *备 注：
    291          ***********************************************************/

   \                                 In section .text, align 2, keep-with-next
    292          void LCD_draw_bmp_pixel(uint8 X, uint8 Y, uint8 *map, uint8 Pix_x, uint8 Pix_y)
    293          {
   \                     LCD_draw_bmp_pixel:
   \   00000000   0xE92D 0x47F0      PUSH     {R4-R10,LR}
   \   00000004   0x0004             MOVS     R4,R0
   \   00000006   0x000D             MOVS     R5,R1
   \   00000008   0x0016             MOVS     R6,R2
   \   0000000A   0x001F             MOVS     R7,R3
   \   0000000C   0x9808             LDR      R0,[SP, #+32]
    294              uint8 i, n;
    295              uint8 row;
    296              //计算位图所占行数
    297              if (Pix_y % 8 == 0) 		//如果为位图所占行数为整数
   \   0000000E   0xB2C0             UXTB     R0,R0            ;; ZeroExt  R0,R0,#+24,#+24
   \   00000010   0x2108             MOVS     R1,#+8
   \   00000012   0xFB90 0xF2F1      SDIV     R2,R0,R1
   \   00000016   0xFB02 0x0211      MLS      R2,R2,R1,R0
   \   0000001A   0x2A00             CMP      R2,#+0
   \   0000001C   0xD104             BNE.N    ??LCD_draw_bmp_pixel_0
    298                  row = Pix_y / 8;
   \   0000001E   0xB2C0             UXTB     R0,R0            ;; ZeroExt  R0,R0,#+24,#+24
   \   00000020   0x2108             MOVS     R1,#+8
   \   00000022   0xFB90 0xF8F1      SDIV     R8,R0,R1
   \   00000026   0xE005             B.N      ??LCD_draw_bmp_pixel_1
    299              else
    300                  row = Pix_y / 8 + 1;		//如果为位图所占行数不是整数
   \                     ??LCD_draw_bmp_pixel_0:
   \   00000028   0xB2C0             UXTB     R0,R0            ;; ZeroExt  R0,R0,#+24,#+24
   \   0000002A   0x2108             MOVS     R1,#+8
   \   0000002C   0xFB90 0xF0F1      SDIV     R0,R0,R1
   \   00000030   0xF110 0x0801      ADDS     R8,R0,#+1
    301          
    302              LCD_set_XY(X, Y);
   \                     ??LCD_draw_bmp_pixel_1:
   \   00000034   0x0029             MOVS     R1,R5
   \   00000036   0xB2C9             UXTB     R1,R1            ;; ZeroExt  R1,R1,#+24,#+24
   \   00000038   0x0020             MOVS     R0,R4
   \   0000003A   0xB2C0             UXTB     R0,R0            ;; ZeroExt  R0,R0,#+24,#+24
   \   0000003C   0x.... 0x....      BL       LCD_set_XY
    303              for (n = 0; n < row; n++)		//换行
   \   00000040   0xF05F 0x0900      MOVS     R9,#+0
   \   00000044   0xE01B             B.N      ??LCD_draw_bmp_pixel_2
    304              {
    305                  for(i = 0; i < Pix_x; i++)
    306                  {
    307                      LCD_set_XY(X + i, Y + n);
   \                     ??LCD_draw_bmp_pixel_3:
   \   00000046   0xEB19 0x0105      ADDS     R1,R9,R5
   \   0000004A   0xB2C9             UXTB     R1,R1            ;; ZeroExt  R1,R1,#+24,#+24
   \   0000004C   0xEB1A 0x0004      ADDS     R0,R10,R4
   \   00000050   0xB2C0             UXTB     R0,R0            ;; ZeroExt  R0,R0,#+24,#+24
   \   00000052   0x.... 0x....      BL       LCD_set_XY
    308                      LCD_write_byte(map[i + n * Pix_x], 1);
   \   00000056   0x2101             MOVS     R1,#+1
   \   00000058   0xFA5F 0xF989      UXTB     R9,R9            ;; ZeroExt  R9,R9,#+24,#+24
   \   0000005C   0xB2FF             UXTB     R7,R7            ;; ZeroExt  R7,R7,#+24,#+24
   \   0000005E   0xFB07 0xF009      MUL      R0,R7,R9
   \   00000062   0xFA50 0xF08A      UXTAB    R0,R0,R10
   \   00000066   0x5D80             LDRB     R0,[R0, R6]
   \   00000068   0x.... 0x....      BL       LCD_write_byte
    309                  }
   \   0000006C   0xF11A 0x0A01      ADDS     R10,R10,#+1
   \                     ??LCD_draw_bmp_pixel_4:
   \   00000070   0xFA5F 0xFA8A      UXTB     R10,R10          ;; ZeroExt  R10,R10,#+24,#+24
   \   00000074   0xB2FF             UXTB     R7,R7            ;; ZeroExt  R7,R7,#+24,#+24
   \   00000076   0x45BA             CMP      R10,R7
   \   00000078   0xD3E5             BCC.N    ??LCD_draw_bmp_pixel_3
   \   0000007A   0xF119 0x0901      ADDS     R9,R9,#+1
   \                     ??LCD_draw_bmp_pixel_2:
   \   0000007E   0xFA5F 0xF989      UXTB     R9,R9            ;; ZeroExt  R9,R9,#+24,#+24
   \   00000082   0xFA5F 0xF888      UXTB     R8,R8            ;; ZeroExt  R8,R8,#+24,#+24
   \   00000086   0x45C1             CMP      R9,R8
   \   00000088   0xD202             BCS.N    ??LCD_draw_bmp_pixel_5
   \   0000008A   0xF05F 0x0A00      MOVS     R10,#+0
   \   0000008E   0xE7EF             B.N      ??LCD_draw_bmp_pixel_4
    310              }
    311          }
   \                     ??LCD_draw_bmp_pixel_5:
   \   00000090   0xE8BD 0x87F0      POP      {R4-R10,PC}      ;; return
    312          
    313          
    314          
    315          /*=============================内部函数实现===================================*/
    316          
    317          /**********************************************************************
    318          * 函数名称：LCD_write_byte()
    319          * 函数功能：写一个字节
    320          * 入口参数：data,要写入的字节;command:0为命令,1为数据
    321          * 出口参数：无
    322          * 修改人  ：MY
    323          * 修改时间：2012/09/24
    324          ***********************************************************************/

   \                                 In section .text, align 2, keep-with-next
    325          void LCD_write_byte(uint8 data, uint8 command)
    326          {
    327              uint8 i;
    328              LCD_CE(0);
   \                     LCD_write_byte:
   \   00000000   0x....             LDR.N    R2,??DataTable6  ;; 0x400ff100
   \   00000002   0x6812             LDR      R2,[R2, #+0]
   \   00000004   0xF032 0x0208      BICS     R2,R2,#0x8
   \   00000008   0x....             LDR.N    R3,??DataTable6  ;; 0x400ff100
   \   0000000A   0x601A             STR      R2,[R3, #+0]
    329              //GPIOE_PDOR &= GPIO_PDOR_PDO(GPIO_PIN_Set0(24));
    330              if (command == 0)
   \   0000000C   0xB2C9             UXTB     R1,R1            ;; ZeroExt  R1,R1,#+24,#+24
   \   0000000E   0x2900             CMP      R1,#+0
   \   00000010   0xD106             BNE.N    ??LCD_write_byte_0
    331                  LCD_DC(0);
   \   00000012   0x....             LDR.N    R1,??DataTable6  ;; 0x400ff100
   \   00000014   0x6809             LDR      R1,[R1, #+0]
   \   00000016   0xF031 0x0104      BICS     R1,R1,#0x4
   \   0000001A   0x....             LDR.N    R2,??DataTable6  ;; 0x400ff100
   \   0000001C   0x6011             STR      R1,[R2, #+0]
   \   0000001E   0xE005             B.N      ??LCD_write_byte_1
    332                  //GPIOE_PDOR &= GPIO_PDOR_PDO(GPIO_PIN_Set0(26));
    333              else
    334                  LCD_DC(1);
   \                     ??LCD_write_byte_0:
   \   00000020   0x....             LDR.N    R1,??DataTable6  ;; 0x400ff100
   \   00000022   0x6809             LDR      R1,[R1, #+0]
   \   00000024   0xF051 0x0104      ORRS     R1,R1,#0x4
   \   00000028   0x....             LDR.N    R2,??DataTable6  ;; 0x400ff100
   \   0000002A   0x6011             STR      R1,[R2, #+0]
    335                  //GPIOE_PDOR |= GPIO_PDOR_PDO(GPIO_PIN_Set1(26));
    336              for(i = 0; i < 8; i++)
   \                     ??LCD_write_byte_1:
   \   0000002C   0x2100             MOVS     R1,#+0
   \   0000002E   0xE013             B.N      ??LCD_write_byte_2
    337              {
    338                  if(data & 0x80)
    339                      SDIN(1);
    340                      //GPIOE_PDOR |= GPIO_PDOR_PDO(GPIO_PIN_Set1(27));
    341                  else
    342                      SDIN(0);
   \                     ??LCD_write_byte_3:
   \   00000030   0x....             LDR.N    R2,??DataTable6  ;; 0x400ff100
   \   00000032   0x6812             LDR      R2,[R2, #+0]
   \   00000034   0xF032 0x0202      BICS     R2,R2,#0x2
   \   00000038   0x....             LDR.N    R3,??DataTable6  ;; 0x400ff100
   \   0000003A   0x601A             STR      R2,[R3, #+0]
    343                      //GPIOE_PDOR &= GPIO_PDOR_PDO(GPIO_PIN_Set0(27));
    344                  SCLK(0);        //数据从单片机输入DDRK5寄存器
   \                     ??LCD_write_byte_4:
   \   0000003C   0x....             LDR.N    R2,??DataTable6  ;; 0x400ff100
   \   0000003E   0x6812             LDR      R2,[R2, #+0]
   \   00000040   0x0852             LSRS     R2,R2,#+1
   \   00000042   0x0052             LSLS     R2,R2,#+1
   \   00000044   0x....             LDR.N    R3,??DataTable6  ;; 0x400ff100
   \   00000046   0x601A             STR      R2,[R3, #+0]
    345                  //GPIOE_PDOR &= GPIO_PDOR_PDO(GPIO_PIN_Set0(28));
    346                  data = data << 1;
   \   00000048   0x0040             LSLS     R0,R0,#+1
    347                  SCLK(1);        //数据从DDR5寄存器输出至5110
   \   0000004A   0x....             LDR.N    R2,??DataTable6  ;; 0x400ff100
   \   0000004C   0x6812             LDR      R2,[R2, #+0]
   \   0000004E   0xF052 0x0201      ORRS     R2,R2,#0x1
   \   00000052   0x....             LDR.N    R3,??DataTable6  ;; 0x400ff100
   \   00000054   0x601A             STR      R2,[R3, #+0]
   \   00000056   0x1C49             ADDS     R1,R1,#+1
   \                     ??LCD_write_byte_2:
   \   00000058   0xB2C9             UXTB     R1,R1            ;; ZeroExt  R1,R1,#+24,#+24
   \   0000005A   0x2908             CMP      R1,#+8
   \   0000005C   0xD208             BCS.N    ??LCD_write_byte_5
   \   0000005E   0x0602             LSLS     R2,R0,#+24
   \   00000060   0xD5E6             BPL.N    ??LCD_write_byte_3
   \   00000062   0x....             LDR.N    R2,??DataTable6  ;; 0x400ff100
   \   00000064   0x6812             LDR      R2,[R2, #+0]
   \   00000066   0xF052 0x0202      ORRS     R2,R2,#0x2
   \   0000006A   0x....             LDR.N    R3,??DataTable6  ;; 0x400ff100
   \   0000006C   0x601A             STR      R2,[R3, #+0]
   \   0000006E   0xE7E5             B.N      ??LCD_write_byte_4
    348                  //GPIOE_PDOR |= GPIO_PDOR_PDO(GPIO_PIN_Set1(28));
    349              }
    350              LCD_CE(1);
   \                     ??LCD_write_byte_5:
   \   00000070   0x....             LDR.N    R0,??DataTable6  ;; 0x400ff100
   \   00000072   0x6800             LDR      R0,[R0, #+0]
   \   00000074   0xF050 0x0008      ORRS     R0,R0,#0x8
   \   00000078   0x....             LDR.N    R1,??DataTable6  ;; 0x400ff100
   \   0000007A   0x6008             STR      R0,[R1, #+0]
    351              //GPIOE_PDOR |= GPIO_PDOR_PDO(GPIO_PIN_Set1(24));
    352          }
   \   0000007C   0x4770             BX       LR               ;; return
    353          
    354          
    355          /**********************************************************************
    356          * 函数名称：LCD_set_XY()
    357          * 函数功能：光标定位x行y列
    358          * 入口参数：X,Y   x行y列
    359          * 出口参数：无
    360          * 修改人  ：MY
    361          * 修改时间：2012/09/24
    362          **********************************************************************/

   \                                 In section .text, align 2, keep-with-next
    363          void LCD_set_XY(uint8 X, uint8 Y)
    364          {
   \                     LCD_set_XY:
   \   00000000   0xB510             PUSH     {R4,LR}
   \   00000002   0x0004             MOVS     R4,R0
   \   00000004   0x0008             MOVS     R0,R1
    365              LCD_write_byte(0x40 | Y, 0);		// column
   \   00000006   0x2100             MOVS     R1,#+0
   \   00000008   0xF050 0x0040      ORRS     R0,R0,#0x40
   \   0000000C   0xB2C0             UXTB     R0,R0            ;; ZeroExt  R0,R0,#+24,#+24
   \   0000000E   0x.... 0x....      BL       LCD_write_byte
    366              LCD_write_byte(0x80 | X, 0);        // row
   \   00000012   0x2100             MOVS     R1,#+0
   \   00000014   0xF054 0x0080      ORRS     R0,R4,#0x80
   \   00000018   0xB2C0             UXTB     R0,R0            ;; ZeroExt  R0,R0,#+24,#+24
   \   0000001A   0x.... 0x....      BL       LCD_write_byte
    367          }
   \   0000001E   0xBD10             POP      {R4,PC}          ;; return
    368          
    369          
    370          /**********************************************************************
    371          * 函数名称：Delay_ms（）；Delay_us（）；
    372          * 函数功能：延时函数
    373          * 入口参数：
    374          * 出口参数：
    375          * 修改人  ：
    376          * 修改时间
    377          **********************************************************************/
    378          /******延时ms******/

   \                                 In section .text, align 2, keep-with-next
    379          void Delay_ms(uint16 mt)
    380          {
    381              uint16 mx, my;
    382              for(mx = 5000; mx > 0; mx--)//7800
   \                     Delay_ms:
   \   00000000   0xF241 0x3188      MOVW     R1,#+5000
   \   00000004   0xE004             B.N      ??Delay_ms_0
    383                  for(my = mt; my > 0; my--);
   \                     ??Delay_ms_1:
   \   00000006   0x1E52             SUBS     R2,R2,#+1
   \                     ??Delay_ms_2:
   \   00000008   0xB292             UXTH     R2,R2            ;; ZeroExt  R2,R2,#+16,#+16
   \   0000000A   0x2A01             CMP      R2,#+1
   \   0000000C   0xD2FB             BCS.N    ??Delay_ms_1
   \   0000000E   0x1E49             SUBS     R1,R1,#+1
   \                     ??Delay_ms_0:
   \   00000010   0xB289             UXTH     R1,R1            ;; ZeroExt  R1,R1,#+16,#+16
   \   00000012   0x2901             CMP      R1,#+1
   \   00000014   0xD301             BCC.N    ??Delay_ms_3
   \   00000016   0x0002             MOVS     R2,R0
   \   00000018   0xE7F6             B.N      ??Delay_ms_2
    384          }
   \                     ??Delay_ms_3:
   \   0000001A   0x4770             BX       LR               ;; return
    385          /******延时us******/

   \                                 In section .text, align 2, keep-with-next
    386          void Delay_us(uint16 ut)
    387          {
    388              uint16 ux, uy;
    389              for(ux = 0; ux <= 800; ux++)
   \                     Delay_us:
   \   00000000   0x2100             MOVS     R1,#+0
   \   00000002   0xE004             B.N      ??Delay_us_0
    390                  for(uy = ut; uy > 0; uy--);
   \                     ??Delay_us_1:
   \   00000004   0x1E52             SUBS     R2,R2,#+1
   \                     ??Delay_us_2:
   \   00000006   0xB292             UXTH     R2,R2            ;; ZeroExt  R2,R2,#+16,#+16
   \   00000008   0x2A01             CMP      R2,#+1
   \   0000000A   0xD2FB             BCS.N    ??Delay_us_1
   \   0000000C   0x1C49             ADDS     R1,R1,#+1
   \                     ??Delay_us_0:
   \   0000000E   0xF240 0x3221      MOVW     R2,#+801
   \   00000012   0xB289             UXTH     R1,R1            ;; ZeroExt  R1,R1,#+16,#+16
   \   00000014   0x4291             CMP      R1,R2
   \   00000016   0xD201             BCS.N    ??Delay_us_3
   \   00000018   0x0002             MOVS     R2,R0
   \   0000001A   0xE7F4             B.N      ??Delay_us_2
    391          }
   \                     ??Delay_us_3:
   \   0000001C   0x4770             BX       LR               ;; return

   \                                 In section .text, align 4, keep-with-next
   \                     ??DataTable6:
   \   00000000   0x400FF100         DC32     0x400ff100

   \                                 In section .text, align 4, keep-with-next
   \                     ??DataTable6_1:
   \   00000000   0x........         DC32     font6x8

   \                                 In section .text, align 4, keep-with-next
   \                     ??DataTable6_2:
   \   00000000   0x........         DC32     GB_12

   \                                 In section .rodata, align 4
   \   00000000   0x0000             DC16 0
   \   00000002   0x00 0x00          DC8 0, 0, 0, 0, 0, 0, 0, 0, 0, 0
   \              0x00 0x00    
   \              0x00 0x00    
   \              0x00 0x00    
   \              0x00 0x00    
    392          
    393          //#ifdef  __cplusplus
    394          //}
    395          //#endif

   Maximum stack usage in bytes:

   .cstack Function
   ------- --------
        0  Delay_ms
        0  Delay_us
        8  LCD_Init
              8 -> Delay_us
              8 -> LCD_clear
              8 -> LCD_write_byte
       16  LCD_Write_Char
             16 -> LCD_set_XY
             16 -> LCD_write_byte
       40  LCD_Write_Num
             40 -> LCD_set_XY
             40 -> LCD_write_byte
       40  LCD_Write_String
             40 -> LCD_set_XY
             40 -> LCD_write_byte
             40 -> LCD_write_char
        8  LCD_clear
              8 -> LCD_write_byte
       32  LCD_draw_bmp_pixel
             32 -> LCD_set_XY
             32 -> LCD_write_byte
        8  LCD_set_XY
              8 -> LCD_write_byte
        0  LCD_write_byte
       16  LCD_write_char
             16 -> LCD_write_byte
       24  LCD_write_chinese
             24 -> LCD_set_XY
             24 -> LCD_write_byte
       24  LCD_write_chinese_string
             24 -> LCD_write_chinese
        8  LCD_write_english_string
              8 -> LCD_set_XY
              8 -> LCD_write_char
       24  Nokia5110_IO_Init
             24 -> GPIO_Init


   Section sizes:

   Bytes  Function/Label
   -----  --------------
      12  ?<Constant {0}>
       4  ??DataTable6
       4  ??DataTable6_1
       4  ??DataTable6_2
      28  Delay_ms
      30  Delay_us
     340  GB_12
     154  LCD_Init
      50  LCD_Write_Char
     266  LCD_Write_Num
     328  LCD_Write_String
      44  LCD_clear
     148  LCD_draw_bmp_pixel
      32  LCD_set_XY
     126  LCD_write_byte
      42  LCD_write_char
     148  LCD_write_chinese
      42  LCD_write_chinese_string
      30  LCD_write_english_string
      90  Nokia5110_IO_Init
     552  font6x8

 
   552 bytes in section .data
   352 bytes in section .rodata
 1 570 bytes in section .text
 
 1 570 bytes of CODE  memory
   352 bytes of CONST memory
   552 bytes of DATA  memory

Errors: none
Warnings: none
